#
# There is insufficient memory for the Java Runtime Environment to continue.
# Native memory allocation (mmap) failed to map 227540992 bytes for Failed to commit area from 0x0000000090a00000 to 0x000000009e300000 of length 227540992.
# Possible reasons:
#   The system is out of physical RAM or swap space
#   The process is running with CompressedOops enabled, and the Java Heap may be blocking the growth of the native heap
# Possible solutions:
#   Reduce memory load on the system
#   Increase physical memory or swap space
#   Check if swap backing store is full
#   Decrease Java heap size (-Xmx/-Xms)
#   Decrease number of Java threads
#   Decrease Java thread stack sizes (-Xss)
#   Set larger code cache with -XX:ReservedCodeCacheSize=
#   JVM is running with Unscaled Compressed Oops mode in which the Java heap is
#     placed in the first 4GB address space. The Java Heap base address is the
#     maximum limit for the native heap growth. Please use -XX:HeapBaseMinAddress
#     to set the Java Heap base and to place the Java Heap above 4GB virtual address.
# This output file may be truncated or incomplete.
#
#  Out of Memory Error (./src/hotspot/os/windows/os_windows.cpp:3386), pid=11072, tid=12368
#
# JRE version: OpenJDK Runtime Environment Microsoft-40648 (11.0.16.1+1) (build 11.0.16.1+1-LTS)
# Java VM: OpenJDK 64-Bit Server VM Microsoft-40648 (11.0.16.1+1-LTS, mixed mode, tiered, compressed oops, g1 gc, windows-amd64)
# No core dump will be written. Minidumps are not enabled by default on client versions of Windows
#

---------------  S U M M A R Y ------------

Command Line: -Dapplication.home=C:\Program Files\Microsoft\jdk-11.0.16.101-hotspot --add-modules=ALL-DEFAULT -Xms8m -Dfile.encoding=UTF8 -Djdk.module.main=jdk.compiler -agentpath:C:\Program Files\SentinelOne\Sentinel Agent 23.1.4.650\SentinelJava64.dll jdk.compiler/com.sun.tools.javac.Main @C:\Users\edoardo\AppData\Local\Temp\tmpEBB1.tmp -target 1.8 -source 1.8

Host: Intel(R) Core(TM) i5-8265U CPU @ 1.60GHz, 8 cores, 7G,  Windows 10 , 64 bit Build 19041 (10.0.19041.3393)
Time: Mon Sep 25 09:41:41 2023 ora legale Europa occidentale elapsed time: 7.230771 seconds (0d 0h 0m 7s)

---------------  T H R E A D  ---------------

Current thread (0x000001e8824ab800):  VMThread "VM Thread" [stack: 0x000000e6aca00000,0x000000e6acb00000] [id=12368]

Stack: [0x000000e6aca00000,0x000000e6acb00000]
[error occurred during error reporting (printing stack bounds), id 0xc0000005, EXCEPTION_ACCESS_VIOLATION (0xc0000005) at pc=0x000001e8ebc0112d]

Native frames: (J=compiled Java code, j=interpreted, Vv=VM code, C=native code)
V  [jvm.dll+0x62652a]
V  [jvm.dll+0x7b3249]
V  [jvm.dll+0x7b4938]
V  [jvm.dll+0x7b4f75]
V  [jvm.dll+0x7b4f2b]
V  [jvm.dll+0x6258b7]
V  [jvm.dll+0x625fc8]
C  [ntdll.dll+0xa221f]
C  [ntdll.dll+0x514b4]
C  [ntdll.dll+0xa0d2e]
C  0x000001e8ebc0112d

VM_Operation (0x000000e6ac4fe2f0): G1CollectForAllocation, mode: safepoint, requested by thread 0x000001e8e34e4800


---------------  P R O C E S S  ---------------

Threads class SMR info:
_java_thread_list=0x000001e8835781d0, length=12, elements={
0x000001e8e34e4800, 0x000001e8824ad800, 0x000001e8824d9000, 0x000001e8824ed000,
0x000001e8824ee000, 0x000001e8824ef000, 0x000001e8824fd800, 0x000001e882503000,
0x000001e88250f800, 0x000001e882fe1800, 0x000001e882500800, 0x000001e882501000
}

Java Threads: ( => current thread )
  0x000001e8e34e4800 JavaThread "main" [_thread_blocked, id=13832, stack(0x000000e6ac400000,0x000000e6ac500000)]
  0x000001e8824ad800 JavaThread "Reference Handler" daemon [_thread_blocked, id=7632, stack(0x000000e6acb00000,0x000000e6acc00000)]
  0x000001e8824d9000 JavaThread "Finalizer" daemon [_thread_blocked, id=4556, stack(0x000000e6acc00000,0x000000e6acd00000)]
  0x000001e8824ed000 JavaThread "Signal Dispatcher" daemon [_thread_blocked, id=4396, stack(0x000000e6acd00000,0x000000e6ace00000)]
  0x000001e8824ee000 JavaThread "Attach Listener" daemon [_thread_blocked, id=11424, stack(0x000000e6ace00000,0x000000e6acf00000)]
  0x000001e8824ef000 JavaThread "Service Thread" daemon [_thread_blocked, id=8352, stack(0x000000e6acf00000,0x000000e6ad000000)]
  0x000001e8824fd800 JavaThread "C2 CompilerThread0" daemon [_thread_blocked, id=4892, stack(0x000000e6ad000000,0x000000e6ad100000)]
  0x000001e882503000 JavaThread "C1 CompilerThread0" daemon [_thread_blocked, id=8936, stack(0x000000e6ad100000,0x000000e6ad200000)]
  0x000001e88250f800 JavaThread "Sweeper thread" daemon [_thread_blocked, id=16072, stack(0x000000e6ad200000,0x000000e6ad300000)]
  0x000001e882fe1800 JavaThread "Common-Cleaner" daemon [_thread_blocked, id=12068, stack(0x000000e6ad300000,0x000000e6ad400000)]
  0x000001e882500800 JavaThread "C2 CompilerThread1" daemon [_thread_blocked, id=7960, stack(0x000000e6ad400000,0x000000e6ad500000)]
  0x000001e882501000 JavaThread "C2 CompilerThread2" daemon [_thread_blocked, id=1912, stack(0x000000e6ad700000,0x000000e6ad800000)]

Other Threads:
=>0x000001e8824ab800 VMThread "VM Thread" [stack: 0x000000e6aca00000,0x000000e6acb00000] [id=12368]
  0x000001e8830f7800 WatcherThread [stack: 0x000000e6ad500000,0x000000e6ad600000] [id=284]
  0x000001e8e34f9000 GCTaskThread "GC Thread#0" [stack: 0x000000e6ac500000,0x000000e6ac600000] [id=11364]
  0x000001e88318b000 GCTaskThread "GC Thread#1" [stack: 0x000000e6ad600000,0x000000e6ad700000] [id=14996]
  0x000001e8856da800 GCTaskThread "GC Thread#2" [stack: 0x000000e6adc00000,0x000000e6add00000] [id=6816]
  0x000001e885fbb800 GCTaskThread "GC Thread#3" [stack: 0x000000e6add00000,0x000000e6ade00000] [id=4736]
  0x000001e885f03000 GCTaskThread "GC Thread#4" [stack: 0x000000e6ade00000,0x000000e6adf00000] [id=12976]
  0x000001e8e352f800 ConcurrentGCThread "G1 Main Marker" [stack: 0x000000e6ac600000,0x000000e6ac700000] [id=13124]
  0x000001e8e3531800 ConcurrentGCThread "G1 Conc#0" [stack: 0x000000e6ac700000,0x000000e6ac800000] [id=15376]
  0x000001e884702800 ConcurrentGCThread "G1 Conc#1" [stack: 0x000000e6ad800000,0x000000e6ad900000] [id=4308]
  0x000001e8e355f000 ConcurrentGCThread "G1 Refine#0" [stack: 0x000000e6ac800000,0x000000e6ac900000] [id=5616]
  0x000001e883885800 ConcurrentGCThread "G1 Refine#1" [stack: 0x000000e6ad900000,0x000000e6ada00000] [id=17368]
  0x000001e886869800 ConcurrentGCThread "G1 Refine#2" [stack: 0x000000e6ada00000,0x000000e6adb00000] [id=17300]
  0x000001e885de2800 ConcurrentGCThread "G1 Refine#3" [stack: 0x000000e6adb00000,0x000000e6adc00000] [id=5472]
  0x000001e888ef0800 ConcurrentGCThread "G1 Refine#4" [stack: 0x000000e6adf00000,0x000000e6ae000000] [id=16928]
  0x000001e8e3563000 ConcurrentGCThread "G1 Young RemSet Sampling" [stack: 0x000000e6ac900000,0x000000e6aca00000] [id=11600]

Threads with active compile tasks:
C2 CompilerThread0     7289 3998       4       com.sun.tools.javac.code.Scope$ScopeImpl::<init> (46 bytes)
C1 CompilerThread0     7289 4006       3       com.sun.tools.javac.comp.Resolve::findType (512 bytes)
C2 CompilerThread1     7289 3993       4       com.sun.tools.javac.code.Type$ClassType::isErroneous (50 bytes)
C2 CompilerThread2     7289 3986       4       com.sun.tools.javac.util.List::map (83 bytes)

VM state:at safepoint (normal execution)

VM Mutex/Monitor currently owned by a thread:  ([mutex/lock_event])
[0x000001e8e34e2b70] Threads_lock - owner thread: 0x000001e8824ab800
[0x000001e8e34e3590] Heap_lock - owner thread: 0x000001e8e34e4800

Heap address: 0x0000000083800000, size: 1992 MB, Compressed Oops mode: 32-bit
Narrow klass base: 0x0000000000000000, Narrow klass shift: 3
Compressed class space size: 1073741824 Address: 0x0000000100000000

Heap:
 garbage-first heap   total 437248K, used 70315K [0x0000000083800000, 0x0000000100000000)
  region size 1024K, 5 young (5120K), 5 survivors (5120K)
 Metaspace       used 18153K, capacity 18477K, committed 18688K, reserved 1067008K
  class space    used 1668K, capacity 1787K, committed 1792K, reserved 1048576K
Heap Regions: E=young(eden), S=young(survivor), O=old, HS=humongous(starts), HC=humongous(continues), CS=collection set, F=free, A=archive, TAMS=top-at-mark-start (previous, next)
|   0|0x0000000083800000, 0x0000000083900000, 0x0000000083900000|100%| O|  |TAMS 0x0000000083900000, 0x0000000083800000| Untracked 
|   1|0x0000000083900000, 0x0000000083a00000, 0x0000000083a00000|100%| O|  |TAMS 0x0000000083a00000, 0x0000000083900000| Untracked 
|   2|0x0000000083a00000, 0x0000000083b00000, 0x0000000083b00000|100%| O|  |TAMS 0x0000000083b00000, 0x0000000083a00000| Untracked 
|   3|0x0000000083b00000, 0x0000000083c00000, 0x0000000083c00000|100%| O|  |TAMS 0x0000000083c00000, 0x0000000083b00000| Untracked 
|   4|0x0000000083c00000, 0x0000000083d00000, 0x0000000083d00000|100%| O|  |TAMS 0x0000000083d00000, 0x0000000083c00000| Untracked 
|   5|0x0000000083d00000, 0x0000000083e00000, 0x0000000083e00000|100%| O|  |TAMS 0x0000000083e00000, 0x0000000083d00000| Untracked 
|   6|0x0000000083e00000, 0x0000000083f00000, 0x0000000083f00000|100%| O|  |TAMS 0x0000000083f00000, 0x0000000083e00000| Untracked 
|   7|0x0000000083f00000, 0x0000000084000000, 0x0000000084000000|100%| O|  |TAMS 0x0000000084000000, 0x0000000083f00000| Untracked 
|   8|0x0000000084000000, 0x0000000084100000, 0x0000000084100000|100%| O|  |TAMS 0x0000000084100000, 0x0000000084000000| Untracked 
|   9|0x0000000084100000, 0x0000000084200000, 0x0000000084200000|100%|HS|  |TAMS 0x0000000084200000, 0x0000000084100000| Complete 
|  10|0x0000000084200000, 0x0000000084300000, 0x0000000084300000|100%|HC|  |TAMS 0x0000000084300000, 0x0000000084200000| Complete 
|  11|0x0000000084300000, 0x0000000084400000, 0x0000000084400000|100%|HC|  |TAMS 0x0000000084400000, 0x0000000084300000| Complete 
|  12|0x0000000084400000, 0x0000000084500000, 0x0000000084500000|100%|HS|  |TAMS 0x0000000084500000, 0x0000000084400000| Complete 
|  13|0x0000000084500000, 0x0000000084600000, 0x0000000084600000|100%|HC|  |TAMS 0x0000000084600000, 0x0000000084500000| Complete 
|  14|0x0000000084600000, 0x0000000084700000, 0x0000000084700000|100%|HC|  |TAMS 0x0000000084700000, 0x0000000084600000| Complete 
|  15|0x0000000084700000, 0x0000000084800000, 0x0000000084800000|100%|HC|  |TAMS 0x0000000084800000, 0x0000000084700000| Complete 
|  16|0x0000000084800000, 0x0000000084900000, 0x0000000084900000|100%|HC|  |TAMS 0x0000000084900000, 0x0000000084800000| Complete 
|  17|0x0000000084900000, 0x0000000084a00000, 0x0000000084a00000|100%| O|  |TAMS 0x0000000084990400, 0x0000000084900000| Untracked 
|  18|0x0000000084a00000, 0x0000000084b00000, 0x0000000084b00000|100%|HS|  |TAMS 0x0000000084b00000, 0x0000000084a00000| Complete 
|  19|0x0000000084b00000, 0x0000000084c00000, 0x0000000084c00000|100%|HS|  |TAMS 0x0000000084b00000, 0x0000000084b00000| Complete 
|  20|0x0000000084c00000, 0x0000000084d00000, 0x0000000084d00000|100%|HC|  |TAMS 0x0000000084c00000, 0x0000000084c00000| Complete 
|  21|0x0000000084d00000, 0x0000000084e00000, 0x0000000084e00000|100%| O|  |TAMS 0x0000000084d00000, 0x0000000084d00000| Untracked 
|  22|0x0000000084e00000, 0x0000000084f00000, 0x0000000084f00000|100%| O|  |TAMS 0x0000000084e00000, 0x0000000084e00000| Untracked 
|  23|0x0000000084f00000, 0x0000000085000000, 0x0000000085000000|100%| O|  |TAMS 0x0000000084f00000, 0x0000000084f00000| Untracked 
|  24|0x0000000085000000, 0x0000000085100000, 0x0000000085100000|100%| O|  |TAMS 0x0000000085000000, 0x0000000085000000| Untracked 
|  25|0x0000000085100000, 0x0000000085200000, 0x0000000085200000|100%| O|  |TAMS 0x0000000085100000, 0x0000000085100000| Untracked 
|  26|0x0000000085200000, 0x0000000085300000, 0x0000000085300000|100%| O|  |TAMS 0x0000000085200000, 0x0000000085200000| Untracked 
|  27|0x0000000085300000, 0x0000000085400000, 0x0000000085400000|100%| O|  |TAMS 0x0000000085300000, 0x0000000085300000| Untracked 
|  28|0x0000000085400000, 0x0000000085500000, 0x0000000085500000|100%| O|  |TAMS 0x0000000085400000, 0x0000000085400000| Untracked 
|  29|0x0000000085500000, 0x0000000085600000, 0x0000000085600000|100%| O|  |TAMS 0x0000000085500000, 0x0000000085500000| Untracked 
|  30|0x0000000085600000, 0x0000000085700000, 0x0000000085700000|100%| O|  |TAMS 0x0000000085600000, 0x0000000085600000| Untracked 
|  31|0x0000000085700000, 0x0000000085800000, 0x0000000085800000|100%| O|  |TAMS 0x0000000085700000, 0x0000000085700000| Untracked 
|  32|0x0000000085800000, 0x0000000085900000, 0x0000000085900000|100%| O|  |TAMS 0x0000000085800000, 0x0000000085800000| Untracked 
|  33|0x0000000085900000, 0x0000000085a00000, 0x0000000085a00000|100%| O|  |TAMS 0x0000000085900000, 0x0000000085900000| Untracked 
|  34|0x0000000085a00000, 0x0000000085b00000, 0x0000000085b00000|100%| O|  |TAMS 0x0000000085a00000, 0x0000000085a00000| Untracked 
|  35|0x0000000085b00000, 0x0000000085c00000, 0x0000000085c00000|100%| O|  |TAMS 0x0000000085b00000, 0x0000000085b00000| Untracked 
|  36|0x0000000085c00000, 0x0000000085d00000, 0x0000000085d00000|100%| O|  |TAMS 0x0000000085c00000, 0x0000000085c00000| Untracked 
|  37|0x0000000085d00000, 0x0000000085e00000, 0x0000000085e00000|100%| O|  |TAMS 0x0000000085d00000, 0x0000000085d00000| Untracked 
|  38|0x0000000085e00000, 0x0000000085f00000, 0x0000000085f00000|100%| O|  |TAMS 0x0000000085e00000, 0x0000000085e00000| Untracked 
|  39|0x0000000085f00000, 0x0000000086000000, 0x0000000086000000|100%| O|  |TAMS 0x0000000085f00000, 0x0000000085f00000| Untracked 
|  40|0x0000000086000000, 0x0000000086100000, 0x0000000086100000|100%| O|  |TAMS 0x0000000086000000, 0x0000000086000000| Untracked 
|  41|0x0000000086100000, 0x0000000086200000, 0x0000000086200000|100%| O|  |TAMS 0x0000000086100000, 0x0000000086100000| Untracked 
|  42|0x0000000086200000, 0x0000000086300000, 0x0000000086300000|100%| O|  |TAMS 0x0000000086200000, 0x0000000086200000| Untracked 
|  43|0x0000000086300000, 0x0000000086400000, 0x0000000086400000|100%| O|  |TAMS 0x0000000086300000, 0x0000000086300000| Untracked 
|  44|0x0000000086400000, 0x0000000086500000, 0x0000000086500000|100%| O|  |TAMS 0x0000000086400000, 0x0000000086400000| Untracked 
|  45|0x0000000086500000, 0x0000000086600000, 0x0000000086600000|100%| O|  |TAMS 0x0000000086500000, 0x0000000086500000| Untracked 
|  46|0x0000000086600000, 0x0000000086700000, 0x0000000086700000|100%| O|  |TAMS 0x0000000086600000, 0x0000000086600000| Untracked 
|  47|0x0000000086700000, 0x0000000086800000, 0x0000000086800000|100%| O|  |TAMS 0x0000000086700000, 0x0000000086700000| Untracked 
|  48|0x0000000086800000, 0x0000000086900000, 0x0000000086900000|100%| O|  |TAMS 0x0000000086800000, 0x0000000086800000| Untracked 
|  49|0x0000000086900000, 0x0000000086a00000, 0x0000000086a00000|100%| O|  |TAMS 0x0000000086900000, 0x0000000086900000| Untracked 
|  50|0x0000000086a00000, 0x0000000086b00000, 0x0000000086b00000|100%|HS|  |TAMS 0x0000000086a00000, 0x0000000086a00000| Complete 
|  51|0x0000000086b00000, 0x0000000086c00000, 0x0000000086c00000|100%|HC|  |TAMS 0x0000000086b00000, 0x0000000086b00000| Complete 
|  52|0x0000000086c00000, 0x0000000086d00000, 0x0000000086d00000|100%| O|  |TAMS 0x0000000086c00000, 0x0000000086c00000| Untracked 
|  53|0x0000000086d00000, 0x0000000086e00000, 0x0000000086e00000|100%| O|  |TAMS 0x0000000086d00000, 0x0000000086d00000| Untracked 
|  54|0x0000000086e00000, 0x0000000086f00000, 0x0000000086f00000|100%| O|  |TAMS 0x0000000086e00000, 0x0000000086e00000| Untracked 
|  55|0x0000000086f00000, 0x0000000087000000, 0x0000000087000000|100%| O|  |TAMS 0x0000000086f00000, 0x0000000086f00000| Untracked 
|  56|0x0000000087000000, 0x0000000087100000, 0x0000000087100000|100%| O|  |TAMS 0x0000000087000000, 0x0000000087000000| Untracked 
|  57|0x0000000087100000, 0x0000000087200000, 0x0000000087200000|100%| O|  |TAMS 0x0000000087100000, 0x0000000087100000| Untracked 
|  58|0x0000000087200000, 0x0000000087300000, 0x0000000087300000|100%| O|  |TAMS 0x0000000087200000, 0x0000000087200000| Untracked 
|  59|0x0000000087300000, 0x0000000087400000, 0x0000000087400000|100%| O|  |TAMS 0x0000000087300000, 0x0000000087300000| Untracked 
|  60|0x0000000087400000, 0x0000000087500000, 0x0000000087500000|100%| O|  |TAMS 0x0000000087400000, 0x0000000087400000| Untracked 
|  61|0x0000000087500000, 0x0000000087600000, 0x0000000087600000|100%| O|  |TAMS 0x0000000087500000, 0x0000000087500000| Untracked 
|  62|0x0000000087600000, 0x0000000087700000, 0x0000000087700000|100%| O|  |TAMS 0x0000000087600000, 0x0000000087600000| Untracked 
|  63|0x0000000087700000, 0x0000000087800000, 0x0000000087800000|100%| O|  |TAMS 0x0000000087700000, 0x0000000087700000| Untracked 
|  64|0x0000000087800000, 0x0000000087827200, 0x0000000087900000| 15%| O|  |TAMS 0x0000000087800000, 0x0000000087800000| Untracked 
|  65|0x0000000087900000, 0x0000000087900000, 0x0000000087a00000|  0%| F|  |TAMS 0x0000000087900000, 0x0000000087900000| Untracked 
|  66|0x0000000087a00000, 0x0000000087a00000, 0x0000000087b00000|  0%| F|  |TAMS 0x0000000087a00000, 0x0000000087a00000| Untracked 
|  67|0x0000000087b00000, 0x0000000087b00000, 0x0000000087c00000|  0%| F|  |TAMS 0x0000000087b00000, 0x0000000087b00000| Untracked 
|  68|0x0000000087c00000, 0x0000000087c00000, 0x0000000087d00000|  0%| F|  |TAMS 0x0000000087c00000, 0x0000000087c00000| Untracked 
|  69|0x0000000087d00000, 0x0000000087d00000, 0x0000000087e00000|  0%| F|  |TAMS 0x0000000087d00000, 0x0000000087d00000| Untracked 
|  70|0x0000000087e00000, 0x0000000087e00000, 0x0000000087f00000|  0%| F|  |TAMS 0x0000000087e00000, 0x0000000087e00000| Untracked 
|  71|0x0000000087f00000, 0x0000000087f00000, 0x0000000088000000|  0%| F|  |TAMS 0x0000000087f00000, 0x0000000087f00000| Untracked 
|  72|0x0000000088000000, 0x0000000088000000, 0x0000000088100000|  0%| F|  |TAMS 0x0000000088000000, 0x0000000088000000| Untracked 
|  73|0x0000000088100000, 0x0000000088100000, 0x0000000088200000|  0%| F|  |TAMS 0x0000000088100000, 0x0000000088100000| Untracked 
|  74|0x0000000088200000, 0x0000000088200000, 0x0000000088300000|  0%| F|  |TAMS 0x0000000088200000, 0x0000000088200000| Untracked 
|  75|0x0000000088300000, 0x0000000088300000, 0x0000000088400000|  0%| F|  |TAMS 0x0000000088300000, 0x0000000088300000| Untracked 
|  76|0x0000000088400000, 0x0000000088400000, 0x0000000088500000|  0%| F|  |TAMS 0x0000000088400000, 0x0000000088400000| Untracked 
|  77|0x0000000088500000, 0x0000000088500000, 0x0000000088600000|  0%| F|  |TAMS 0x0000000088500000, 0x0000000088500000| Untracked 
|  78|0x0000000088600000, 0x0000000088600000, 0x0000000088700000|  0%| F|  |TAMS 0x0000000088600000, 0x0000000088600000| Untracked 
|  79|0x0000000088700000, 0x0000000088700000, 0x0000000088800000|  0%| F|  |TAMS 0x0000000088700000, 0x0000000088700000| Untracked 
|  80|0x0000000088800000, 0x0000000088800000, 0x0000000088900000|  0%| F|  |TAMS 0x0000000088800000, 0x0000000088800000| Untracked 
|  81|0x0000000088900000, 0x0000000088900000, 0x0000000088a00000|  0%| F|  |TAMS 0x0000000088900000, 0x0000000088900000| Untracked 
|  82|0x0000000088a00000, 0x0000000088a00000, 0x0000000088b00000|  0%| F|  |TAMS 0x0000000088a00000, 0x0000000088a00000| Untracked 
|  83|0x0000000088b00000, 0x0000000088b00000, 0x0000000088c00000|  0%| F|  |TAMS 0x0000000088b00000, 0x0000000088b00000| Untracked 
|  84|0x0000000088c00000, 0x0000000088c00000, 0x0000000088d00000|  0%| F|  |TAMS 0x0000000088c00000, 0x0000000088c00000| Untracked 
|  85|0x0000000088d00000, 0x0000000088d00000, 0x0000000088e00000|  0%| F|  |TAMS 0x0000000088d00000, 0x0000000088d00000| Untracked 
|  86|0x0000000088e00000, 0x0000000088e00000, 0x0000000088f00000|  0%| F|  |TAMS 0x0000000088e00000, 0x0000000088e00000| Untracked 
|  87|0x0000000088f00000, 0x0000000088f00000, 0x0000000089000000|  0%| F|  |TAMS 0x0000000088f00000, 0x0000000088f00000| Untracked 
|  88|0x0000000089000000, 0x0000000089000000, 0x0000000089100000|  0%| F|  |TAMS 0x0000000089000000, 0x0000000089000000| Untracked 
|  89|0x0000000089100000, 0x0000000089100000, 0x0000000089200000|  0%| F|  |TAMS 0x0000000089100000, 0x0000000089100000| Untracked 
|  90|0x0000000089200000, 0x0000000089200000, 0x0000000089300000|  0%| F|  |TAMS 0x0000000089200000, 0x0000000089200000| Untracked 
|  91|0x0000000089300000, 0x0000000089300000, 0x0000000089400000|  0%| F|  |TAMS 0x0000000089300000, 0x0000000089300000| Untracked 
|  92|0x0000000089400000, 0x0000000089400000, 0x0000000089500000|  0%| F|  |TAMS 0x0000000089400000, 0x0000000089400000| Untracked 
|  93|0x0000000089500000, 0x0000000089500000, 0x0000000089600000|  0%| F|  |TAMS 0x0000000089500000, 0x0000000089500000| Untracked 
|  94|0x0000000089600000, 0x0000000089600000, 0x0000000089700000|  0%| F|  |TAMS 0x0000000089600000, 0x0000000089600000| Untracked 
|  95|0x0000000089700000, 0x0000000089700000, 0x0000000089800000|  0%| F|  |TAMS 0x0000000089700000, 0x0000000089700000| Untracked 
|  96|0x0000000089800000, 0x0000000089800000, 0x0000000089900000|  0%| F|  |TAMS 0x0000000089800000, 0x0000000089800000| Untracked 
|  97|0x0000000089900000, 0x0000000089900000, 0x0000000089a00000|  0%| F|  |TAMS 0x0000000089900000, 0x0000000089900000| Untracked 
|  98|0x0000000089a00000, 0x0000000089a00000, 0x0000000089b00000|  0%| F|  |TAMS 0x0000000089a00000, 0x0000000089a00000| Untracked 
|  99|0x0000000089b00000, 0x0000000089b00000, 0x0000000089c00000|  0%| F|  |TAMS 0x0000000089b00000, 0x0000000089b00000| Untracked 
| 100|0x0000000089c00000, 0x0000000089c00000, 0x0000000089d00000|  0%| F|  |TAMS 0x0000000089c00000, 0x0000000089c00000| Untracked 
| 101|0x0000000089d00000, 0x0000000089d00000, 0x0000000089e00000|  0%| F|  |TAMS 0x0000000089d00000, 0x0000000089d00000| Untracked 
| 102|0x0000000089e00000, 0x0000000089e00000, 0x0000000089f00000|  0%| F|  |TAMS 0x0000000089e00000, 0x0000000089e00000| Untracked 
| 103|0x0000000089f00000, 0x0000000089f00000, 0x000000008a000000|  0%| F|  |TAMS 0x0000000089f00000, 0x0000000089f00000| Untracked 
| 104|0x000000008a000000, 0x000000008a000000, 0x000000008a100000|  0%| F|  |TAMS 0x000000008a000000, 0x000000008a000000| Untracked 
| 105|0x000000008a100000, 0x000000008a100000, 0x000000008a200000|  0%| F|  |TAMS 0x000000008a100000, 0x000000008a100000| Untracked 
| 106|0x000000008a200000, 0x000000008a200000, 0x000000008a300000|  0%| F|  |TAMS 0x000000008a200000, 0x000000008a200000| Untracked 
| 107|0x000000008a300000, 0x000000008a300000, 0x000000008a400000|  0%| F|  |TAMS 0x000000008a300000, 0x000000008a300000| Untracked 
| 108|0x000000008a400000, 0x000000008a400000, 0x000000008a500000|  0%| F|  |TAMS 0x000000008a400000, 0x000000008a400000| Untracked 
| 109|0x000000008a500000, 0x000000008a500000, 0x000000008a600000|  0%| F|  |TAMS 0x000000008a500000, 0x000000008a500000| Untracked 
| 110|0x000000008a600000, 0x000000008a600000, 0x000000008a700000|  0%| F|  |TAMS 0x000000008a600000, 0x000000008a600000| Untracked 
| 111|0x000000008a700000, 0x000000008a700000, 0x000000008a800000|  0%| F|  |TAMS 0x000000008a700000, 0x000000008a700000| Untracked 
| 112|0x000000008a800000, 0x000000008a800000, 0x000000008a900000|  0%| F|  |TAMS 0x000000008a800000, 0x000000008a800000| Untracked 
| 113|0x000000008a900000, 0x000000008a900000, 0x000000008aa00000|  0%| F|  |TAMS 0x000000008a900000, 0x000000008a900000| Untracked 
| 114|0x000000008aa00000, 0x000000008aa00000, 0x000000008ab00000|  0%| F|  |TAMS 0x000000008aa00000, 0x000000008aa00000| Untracked 
| 115|0x000000008ab00000, 0x000000008ab00000, 0x000000008ac00000|  0%| F|  |TAMS 0x000000008ab00000, 0x000000008ab00000| Untracked 
| 116|0x000000008ac00000, 0x000000008ac00000, 0x000000008ad00000|  0%| F|  |TAMS 0x000000008ac00000, 0x000000008ac00000| Untracked 
| 117|0x000000008ad00000, 0x000000008ad00000, 0x000000008ae00000|  0%| F|  |TAMS 0x000000008ad00000, 0x000000008ad00000| Untracked 
| 118|0x000000008ae00000, 0x000000008ae00000, 0x000000008af00000|  0%| F|  |TAMS 0x000000008ae00000, 0x000000008ae00000| Untracked 
| 119|0x000000008af00000, 0x000000008af00000, 0x000000008b000000|  0%| F|  |TAMS 0x000000008af00000, 0x000000008af00000| Untracked 
| 120|0x000000008b000000, 0x000000008b000000, 0x000000008b100000|  0%| F|  |TAMS 0x000000008b000000, 0x000000008b000000| Untracked 
| 121|0x000000008b100000, 0x000000008b100000, 0x000000008b200000|  0%| F|  |TAMS 0x000000008b100000, 0x000000008b100000| Untracked 
| 122|0x000000008b200000, 0x000000008b200000, 0x000000008b300000|  0%| F|  |TAMS 0x000000008b200000, 0x000000008b200000| Untracked 
| 123|0x000000008b300000, 0x000000008b300000, 0x000000008b400000|  0%| F|  |TAMS 0x000000008b300000, 0x000000008b300000| Untracked 
| 124|0x000000008b400000, 0x000000008b400000, 0x000000008b500000|  0%| F|  |TAMS 0x000000008b400000, 0x000000008b400000| Untracked 
| 125|0x000000008b500000, 0x000000008b500000, 0x000000008b600000|  0%| F|  |TAMS 0x000000008b500000, 0x000000008b500000| Untracked 
| 126|0x000000008b600000, 0x000000008b600000, 0x000000008b700000|  0%| F|  |TAMS 0x000000008b600000, 0x000000008b600000| Untracked 
| 127|0x000000008b700000, 0x000000008b700000, 0x000000008b800000|  0%| F|  |TAMS 0x000000008b700000, 0x000000008b700000| Untracked 
| 128|0x000000008b800000, 0x000000008b800000, 0x000000008b900000|  0%| F|  |TAMS 0x000000008b800000, 0x000000008b800000| Untracked 
| 129|0x000000008b900000, 0x000000008b900000, 0x000000008ba00000|  0%| F|  |TAMS 0x000000008b900000, 0x000000008b900000| Untracked 
| 130|0x000000008ba00000, 0x000000008ba00000, 0x000000008bb00000|  0%| F|  |TAMS 0x000000008ba00000, 0x000000008ba00000| Untracked 
| 131|0x000000008bb00000, 0x000000008bb00000, 0x000000008bc00000|  0%| F|  |TAMS 0x000000008bb00000, 0x000000008bb00000| Untracked 
| 132|0x000000008bc00000, 0x000000008bc00000, 0x000000008bd00000|  0%| F|  |TAMS 0x000000008bc00000, 0x000000008bc00000| Untracked 
| 133|0x000000008bd00000, 0x000000008bd00000, 0x000000008be00000|  0%| F|  |TAMS 0x000000008bd00000, 0x000000008bd00000| Untracked 
| 134|0x000000008be00000, 0x000000008be00000, 0x000000008bf00000|  0%| F|  |TAMS 0x000000008be00000, 0x000000008be00000| Untracked 
| 135|0x000000008bf00000, 0x000000008bf00000, 0x000000008c000000|  0%| F|  |TAMS 0x000000008bf00000, 0x000000008bf00000| Untracked 
| 136|0x000000008c000000, 0x000000008c000000, 0x000000008c100000|  0%| F|  |TAMS 0x000000008c000000, 0x000000008c000000| Untracked 
| 137|0x000000008c100000, 0x000000008c100000, 0x000000008c200000|  0%| F|  |TAMS 0x000000008c100000, 0x000000008c100000| Untracked 
| 138|0x000000008c200000, 0x000000008c200000, 0x000000008c300000|  0%| F|  |TAMS 0x000000008c200000, 0x000000008c200000| Untracked 
| 139|0x000000008c300000, 0x000000008c300000, 0x000000008c400000|  0%| F|  |TAMS 0x000000008c300000, 0x000000008c300000| Untracked 
| 140|0x000000008c400000, 0x000000008c400000, 0x000000008c500000|  0%| F|  |TAMS 0x000000008c400000, 0x000000008c400000| Untracked 
| 141|0x000000008c500000, 0x000000008c500000, 0x000000008c600000|  0%| F|  |TAMS 0x000000008c500000, 0x000000008c500000| Untracked 
| 142|0x000000008c600000, 0x000000008c600000, 0x000000008c700000|  0%| F|  |TAMS 0x000000008c600000, 0x000000008c600000| Untracked 
| 143|0x000000008c700000, 0x000000008c700000, 0x000000008c800000|  0%| F|  |TAMS 0x000000008c700000, 0x000000008c700000| Untracked 
| 144|0x000000008c800000, 0x000000008c800000, 0x000000008c900000|  0%| F|  |TAMS 0x000000008c800000, 0x000000008c800000| Untracked 
| 145|0x000000008c900000, 0x000000008c900000, 0x000000008ca00000|  0%| F|  |TAMS 0x000000008c900000, 0x000000008c900000| Untracked 
| 146|0x000000008ca00000, 0x000000008ca00000, 0x000000008cb00000|  0%| F|  |TAMS 0x000000008ca00000, 0x000000008ca00000| Untracked 
| 147|0x000000008cb00000, 0x000000008cb00000, 0x000000008cc00000|  0%| F|  |TAMS 0x000000008cb00000, 0x000000008cb00000| Untracked 
| 148|0x000000008cc00000, 0x000000008cc00000, 0x000000008cd00000|  0%| F|  |TAMS 0x000000008cc00000, 0x000000008cc00000| Untracked 
| 149|0x000000008cd00000, 0x000000008cd00000, 0x000000008ce00000|  0%| F|  |TAMS 0x000000008cd00000, 0x000000008cd00000| Untracked 
| 150|0x000000008ce00000, 0x000000008ce00000, 0x000000008cf00000|  0%| F|  |TAMS 0x000000008ce00000, 0x000000008ce00000| Untracked 
| 151|0x000000008cf00000, 0x000000008cf00000, 0x000000008d000000|  0%| F|  |TAMS 0x000000008cf00000, 0x000000008cf00000| Untracked 
| 152|0x000000008d000000, 0x000000008d000000, 0x000000008d100000|  0%| F|  |TAMS 0x000000008d000000, 0x000000008d000000| Untracked 
| 153|0x000000008d100000, 0x000000008d183cc0, 0x000000008d200000| 51%| S|CS|TAMS 0x000000008d100000, 0x000000008d100000| Complete 
| 154|0x000000008d200000, 0x000000008d300000, 0x000000008d300000|100%| S|CS|TAMS 0x000000008d200000, 0x000000008d200000| Complete 
| 155|0x000000008d300000, 0x000000008d400000, 0x000000008d400000|100%| S|CS|TAMS 0x000000008d300000, 0x000000008d300000| Complete 
| 156|0x000000008d400000, 0x000000008d500000, 0x000000008d500000|100%| S|CS|TAMS 0x000000008d400000, 0x000000008d400000| Complete 
| 157|0x000000008d500000, 0x000000008d600000, 0x000000008d600000|100%| S|CS|TAMS 0x000000008d500000, 0x000000008d500000| Complete 
| 158|0x000000008d600000, 0x000000008d600000, 0x000000008d700000|  0%| F|  |TAMS 0x000000008d600000, 0x000000008d600000| Untracked 
| 159|0x000000008d700000, 0x000000008d700000, 0x000000008d800000|  0%| F|  |TAMS 0x000000008d700000, 0x000000008d700000| Untracked 
| 160|0x000000008d800000, 0x000000008d800000, 0x000000008d900000|  0%| F|  |TAMS 0x000000008d800000, 0x000000008d800000| Untracked 
| 161|0x000000008d900000, 0x000000008d900000, 0x000000008da00000|  0%| F|  |TAMS 0x000000008d900000, 0x000000008d900000| Untracked 
| 162|0x000000008da00000, 0x000000008da00000, 0x000000008db00000|  0%| F|  |TAMS 0x000000008da00000, 0x000000008da00000| Untracked 
| 163|0x000000008db00000, 0x000000008db00000, 0x000000008dc00000|  0%| F|  |TAMS 0x000000008db00000, 0x000000008db00000| Untracked 
| 164|0x000000008dc00000, 0x000000008dc00000, 0x000000008dd00000|  0%| F|  |TAMS 0x000000008dc00000, 0x000000008dc00000| Untracked 
| 165|0x000000008dd00000, 0x000000008dd00000, 0x000000008de00000|  0%| F|  |TAMS 0x000000008dd00000, 0x000000008dd00000| Untracked 
| 166|0x000000008de00000, 0x000000008de00000, 0x000000008df00000|  0%| F|  |TAMS 0x000000008de00000, 0x000000008de00000| Untracked 
| 167|0x000000008df00000, 0x000000008df00000, 0x000000008e000000|  0%| F|  |TAMS 0x000000008df00000, 0x000000008df00000| Untracked 
| 168|0x000000008e000000, 0x000000008e000000, 0x000000008e100000|  0%| F|  |TAMS 0x000000008e000000, 0x000000008e000000| Untracked 
| 169|0x000000008e100000, 0x000000008e100000, 0x000000008e200000|  0%| F|  |TAMS 0x000000008e100000, 0x000000008e100000| Untracked 
| 170|0x000000008e200000, 0x000000008e200000, 0x000000008e300000|  0%| F|  |TAMS 0x000000008e200000, 0x000000008e200000| Untracked 
| 171|0x000000008e300000, 0x000000008e300000, 0x000000008e400000|  0%| F|  |TAMS 0x000000008e300000, 0x000000008e300000| Untracked 
| 172|0x000000008e400000, 0x000000008e400000, 0x000000008e500000|  0%| F|  |TAMS 0x000000008e400000, 0x000000008e400000| Untracked 
| 173|0x000000008e500000, 0x000000008e500000, 0x000000008e600000|  0%| F|  |TAMS 0x000000008e500000, 0x000000008e500000| Untracked 
| 174|0x000000008e600000, 0x000000008e600000, 0x000000008e700000|  0%| F|  |TAMS 0x000000008e600000, 0x000000008e600000| Untracked 
| 175|0x000000008e700000, 0x000000008e700000, 0x000000008e800000|  0%| F|  |TAMS 0x000000008e700000, 0x000000008e700000| Untracked 
| 176|0x000000008e800000, 0x000000008e800000, 0x000000008e900000|  0%| F|  |TAMS 0x000000008e800000, 0x000000008e800000| Untracked 
| 177|0x000000008e900000, 0x000000008e900000, 0x000000008ea00000|  0%| F|  |TAMS 0x000000008e900000, 0x000000008e900000| Untracked 
| 178|0x000000008ea00000, 0x000000008ea00000, 0x000000008eb00000|  0%| F|  |TAMS 0x000000008ea00000, 0x000000008ea00000| Untracked 
| 179|0x000000008eb00000, 0x000000008eb00000, 0x000000008ec00000|  0%| F|  |TAMS 0x000000008eb00000, 0x000000008eb00000| Untracked 
| 180|0x000000008ec00000, 0x000000008ec00000, 0x000000008ed00000|  0%| F|  |TAMS 0x000000008ec00000, 0x000000008ec00000| Untracked 
| 181|0x000000008ed00000, 0x000000008ed00000, 0x000000008ee00000|  0%| F|  |TAMS 0x000000008ed00000, 0x000000008ed00000| Untracked 
| 182|0x000000008ee00000, 0x000000008ee00000, 0x000000008ef00000|  0%| F|  |TAMS 0x000000008ee00000, 0x000000008ee00000| Untracked 
| 183|0x000000008ef00000, 0x000000008ef00000, 0x000000008f000000|  0%| F|  |TAMS 0x000000008ef00000, 0x000000008ef00000| Untracked 
| 184|0x000000008f000000, 0x000000008f000000, 0x000000008f100000|  0%| F|  |TAMS 0x000000008f000000, 0x000000008f000000| Untracked 
| 185|0x000000008f100000, 0x000000008f100000, 0x000000008f200000|  0%| F|  |TAMS 0x000000008f100000, 0x000000008f100000| Untracked 
| 186|0x000000008f200000, 0x000000008f200000, 0x000000008f300000|  0%| F|  |TAMS 0x000000008f200000, 0x000000008f200000| Untracked 
| 187|0x000000008f300000, 0x000000008f300000, 0x000000008f400000|  0%| F|  |TAMS 0x000000008f300000, 0x000000008f300000| Untracked 
| 188|0x000000008f400000, 0x000000008f400000, 0x000000008f500000|  0%| F|  |TAMS 0x000000008f400000, 0x000000008f400000| Untracked 
| 189|0x000000008f500000, 0x000000008f500000, 0x000000008f600000|  0%| F|  |TAMS 0x000000008f500000, 0x000000008f500000| Untracked 
| 190|0x000000008f600000, 0x000000008f600000, 0x000000008f700000|  0%| F|  |TAMS 0x000000008f600000, 0x000000008f600000| Untracked 
| 191|0x000000008f700000, 0x000000008f700000, 0x000000008f800000|  0%| F|  |TAMS 0x000000008f700000, 0x000000008f700000| Untracked 
| 192|0x000000008f800000, 0x000000008f800000, 0x000000008f900000|  0%| F|  |TAMS 0x000000008f800000, 0x000000008f800000| Untracked 
| 193|0x000000008f900000, 0x000000008f900000, 0x000000008fa00000|  0%| F|  |TAMS 0x000000008f900000, 0x000000008f900000| Untracked 
| 194|0x000000008fa00000, 0x000000008fa00000, 0x000000008fb00000|  0%| F|  |TAMS 0x000000008fa00000, 0x000000008fa00000| Untracked 
| 195|0x000000008fb00000, 0x000000008fb00000, 0x000000008fc00000|  0%| F|  |TAMS 0x000000008fb00000, 0x000000008fb00000| Untracked 
| 196|0x000000008fc00000, 0x000000008fc00000, 0x000000008fd00000|  0%| F|  |TAMS 0x000000008fc00000, 0x000000008fc00000| Untracked 
| 197|0x000000008fd00000, 0x000000008fd00000, 0x000000008fe00000|  0%| F|  |TAMS 0x000000008fd00000, 0x000000008fd00000| Untracked 
| 198|0x000000008fe00000, 0x000000008fe00000, 0x000000008ff00000|  0%| F|  |TAMS 0x000000008fe00000, 0x000000008fe00000| Untracked 
| 199|0x000000008ff00000, 0x000000008ff00000, 0x0000000090000000|  0%| F|  |TAMS 0x000000008ff00000, 0x000000008ff00000| Untracked 
| 200|0x0000000090000000, 0x0000000090000000, 0x0000000090100000|  0%| F|  |TAMS 0x0000000090000000, 0x0000000090000000| Untracked 
| 201|0x0000000090100000, 0x0000000090100000, 0x0000000090200000|  0%| F|  |TAMS 0x0000000090100000, 0x0000000090100000| Untracked 
| 202|0x0000000090200000, 0x0000000090200000, 0x0000000090300000|  0%| F|  |TAMS 0x0000000090200000, 0x0000000090200000| Untracked 
| 203|0x0000000090300000, 0x0000000090300000, 0x0000000090400000|  0%| F|  |TAMS 0x0000000090300000, 0x0000000090300000| Untracked 
| 204|0x0000000090400000, 0x0000000090400000, 0x0000000090500000|  0%| F|  |TAMS 0x0000000090400000, 0x0000000090400000| Untracked 
| 205|0x0000000090500000, 0x0000000090500000, 0x0000000090600000|  0%| F|  |TAMS 0x0000000090500000, 0x0000000090500000| Untracked 
| 206|0x0000000090600000, 0x0000000090600000, 0x0000000090700000|  0%| F|  |TAMS 0x0000000090600000, 0x0000000090600000| Untracked 
| 207|0x0000000090700000, 0x0000000090700000, 0x0000000090800000|  0%| F|  |TAMS 0x0000000090700000, 0x0000000090700000| Untracked 
| 208|0x0000000090800000, 0x0000000090800000, 0x0000000090900000|  0%| F|  |TAMS 0x0000000090800000, 0x0000000090800000| Untracked 
| 209|0x0000000090900000, 0x0000000090900000, 0x0000000090a00000|  0%| F|  |TAMS 0x0000000090900000, 0x0000000090900000| Untracked 

Card table byte_map: [0x000001e8fb320000,0x000001e8fb710000] _byte_map_base: 0x000001e8faf04000

Marking Bits (Prev, Next): (CMBitMap*) 0x000001e8e3526ce8, (CMBitMap*) 0x000001e8e3526d20
 Prev Bits: [0x000001e8fbb00000, 0x000001e8fda20000)
 Next Bits: [0x000001e8fda20000, 0x000001e8ff940000)

Polling page: 0x000001e8e2c80000

Metaspace:

Usage:
  Non-class:     16.30 MB capacity,    16.10 MB ( 99%) used,   171.61 KB (  1%) free+waste,    33.44 KB ( <1%) overhead. 
      Class:      1.75 MB capacity,     1.63 MB ( 93%) used,   104.98 KB (  6%) free+waste,    13.38 KB ( <1%) overhead. 
       Both:     18.04 MB capacity,    17.73 MB ( 98%) used,   276.59 KB (  1%) free+waste,    46.81 KB ( <1%) overhead. 

Virtual space:
  Non-class space:       18.00 MB reserved,      16.50 MB ( 92%) committed 
      Class space:        1.00 GB reserved,       1.75 MB ( <1%) committed 
             Both:        1.02 GB reserved,      18.25 MB (  2%) committed 

Chunk freelists:
   Non-Class:  14.00 KB
       Class:  5.00 KB
        Both:  19.00 KB

MaxMetaspaceSize: 17179869184.00 GB
CompressedClassSpaceSize: 1.00 GB
Initial GC threshold: 20.80 MB
Current GC threshold: 23.34 MB
CDS: off

CodeHeap 'non-profiled nmethods': size=120000Kb used=2399Kb max_used=2399Kb free=117600Kb
 bounds [0x000001e8f36d0000, 0x000001e8f3940000, 0x000001e8fac00000]
CodeHeap 'profiled nmethods': size=120000Kb used=10038Kb max_used=10038Kb free=109961Kb
 bounds [0x000001e8ec1a0000, 0x000001e8ecb70000, 0x000001e8f36d0000]
CodeHeap 'non-nmethods': size=5760Kb used=1157Kb max_used=1262Kb free=4602Kb
 bounds [0x000001e8ebc00000, 0x000001e8ebe70000, 0x000001e8ec1a0000]
 total_blobs=4291 nmethods=3884 adapters=319
 compilation: enabled
              stopped_count=0, restarted_count=0
 full_count=0

Compilation events (20 events):
Event: 7.202 Thread 0x000001e882503000 3988       3       com.sun.tools.javac.code.Types$$Lambda$51/0x00000001000cb840::test (12 bytes)
Event: 7.203 Thread 0x000001e882503000 nmethod 3988 0x000001e8ecb63010 code [0x000001e8ecb631e0, 0x000001e8ecb63578]
Event: 7.203 Thread 0x000001e882503000 3989       3       com.sun.tools.javac.code.Type$StructuralTypeMapping::visitClassType (67 bytes)
Event: 7.203 Thread 0x000001e8824fd800 3992       4       com.sun.tools.javac.util.List::contains (45 bytes)
Event: 7.204 Thread 0x000001e882500800 3993       4       com.sun.tools.javac.code.Type$ClassType::isErroneous (50 bytes)
Event: 7.204 Thread 0x000001e882503000 nmethod 3989 0x000001e8ecb63690 code [0x000001e8ecb63900, 0x000001e8ecb64648]
Event: 7.204 Thread 0x000001e882503000 3990       3       com.sun.tools.javac.comp.Resolve::isAccessible (402 bytes)
Event: 7.207 Thread 0x000001e8824fd800 nmethod 3992 0x000001e8f3927a90 code [0x000001e8f3927c20, 0x000001e8f3927d18]
Event: 7.207 Thread 0x000001e8824fd800 3998       4       com.sun.tools.javac.code.Scope$ScopeImpl::<init> (46 bytes)
Event: 7.208 Thread 0x000001e882503000 nmethod 3990 0x000001e8ecb64b90 code [0x000001e8ecb64f00, 0x000001e8ecb66d28]
Event: 7.208 Thread 0x000001e882503000 3997       3       com.sun.tools.javac.code.Types$HashCodeVisitor::visitType (10 bytes)
Event: 7.208 Thread 0x000001e882503000 nmethod 3997 0x000001e8ecb67610 code [0x000001e8ecb67800, 0x000001e8ecb67bd8]
Event: 7.208 Thread 0x000001e882503000 4001       3       com.sun.tools.javac.code.Scope$CompoundScope$$Lambda$111/0x000000010017b040::iterator (20 bytes)
Event: 7.210 Thread 0x000001e882503000 nmethod 4001 0x000001e8ecb67d90 code [0x000001e8ecb67fe0, 0x000001e8ecb68bf8]
Event: 7.210 Thread 0x000001e882503000 4002       3       com.sun.tools.javac.code.Scope$CompoundScope::getSymbolsByName (10 bytes)
Event: 7.211 Thread 0x000001e882503000 nmethod 4002 0x000001e8ecb69010 code [0x000001e8ecb69200, 0x000001e8ecb69668]
Event: 7.211 Thread 0x000001e882503000 4003       3       com.sun.tools.javac.code.Scope$CompoundScope$$Lambda$111/0x000000010017b040::<init> (26 bytes)
Event: 7.211 Thread 0x000001e882503000 nmethod 4003 0x000001e8ecb69890 code [0x000001e8ecb69a60, 0x000001e8ecb69d38]
Event: 7.211 Thread 0x000001e882503000 4006       3       com.sun.tools.javac.comp.Resolve::findType (512 bytes)
Event: 7.222 Thread 0x000001e882503000 nmethod 4006 0x000001e8ecb69e10 code [0x000001e8ecb6a2c0, 0x000001e8ecb6cbb8]

GC Heap History (20 events):
Event: 2.461 GC heap after
{Heap after GC invocations=32 (full 0):
 garbage-first heap   total 45056K, used 18635K [0x0000000083800000, 0x0000000100000000)
  region size 1024K, 1 young (1024K), 1 survivors (1024K)
 Metaspace       used 13862K, capacity 14196K, committed 14336K, reserved 1062912K
  class space    used 1411K, capacity 1503K, committed 1536K, reserved 1048576K
}
Event: 2.505 GC heap before
{Heap before GC invocations=33 (full 0):
 garbage-first heap   total 45056K, used 32971K [0x0000000083800000, 0x0000000100000000)
  region size 1024K, 2 young (2048K), 1 survivors (1024K)
 Metaspace       used 13862K, capacity 14196K, committed 14336K, reserved 1062912K
  class space    used 1411K, capacity 1503K, committed 1536K, reserved 1048576K
}
Event: 2.508 GC heap after
{Heap after GC invocations=34 (full 0):
 garbage-first heap   total 45056K, used 18817K [0x0000000083800000, 0x0000000100000000)
  region size 1024K, 1 young (1024K), 1 survivors (1024K)
 Metaspace       used 13862K, capacity 14196K, committed 14336K, reserved 1062912K
  class space    used 1411K, capacity 1503K, committed 1536K, reserved 1048576K
}
Event: 2.539 GC heap before
{Heap before GC invocations=35 (full 0):
 garbage-first heap   total 45056K, used 23937K [0x0000000083800000, 0x0000000100000000)
  region size 1024K, 5 young (5120K), 1 survivors (1024K)
 Metaspace       used 13862K, capacity 14196K, committed 14336K, reserved 1062912K
  class space    used 1411K, capacity 1503K, committed 1536K, reserved 1048576K
}
Event: 2.546 GC heap after
{Heap after GC invocations=36 (full 0):
 garbage-first heap   total 90112K, used 21795K [0x0000000083800000, 0x0000000100000000)
  region size 1024K, 2 young (2048K), 2 survivors (2048K)
 Metaspace       used 13862K, capacity 14196K, committed 14336K, reserved 1062912K
  class space    used 1411K, capacity 1503K, committed 1536K, reserved 1048576K
}
Event: 2.843 GC heap before
{Heap before GC invocations=37 (full 0):
 garbage-first heap   total 90112K, used 36131K [0x0000000083800000, 0x0000000100000000)
  region size 1024K, 14 young (14336K), 2 survivors (2048K)
 Metaspace       used 13966K, capacity 14262K, committed 14336K, reserved 1062912K
  class space    used 1411K, capacity 1503K, committed 1536K, reserved 1048576K
}
Event: 2.855 GC heap after
{Heap after GC invocations=38 (full 0):
 garbage-first heap   total 90112K, used 24679K [0x0000000083800000, 0x0000000100000000)
  region size 1024K, 2 young (2048K), 2 survivors (2048K)
 Metaspace       used 13966K, capacity 14262K, committed 14336K, reserved 1062912K
  class space    used 1411K, capacity 1503K, committed 1536K, reserved 1048576K
}
Event: 3.596 GC heap before
{Heap before GC invocations=38 (full 0):
 garbage-first heap   total 90112K, used 42087K [0x0000000083800000, 0x0000000100000000)
  region size 1024K, 17 young (17408K), 2 survivors (2048K)
 Metaspace       used 15285K, capacity 15534K, committed 15744K, reserved 1062912K
  class space    used 1513K, capacity 1607K, committed 1664K, reserved 1048576K
}
Event: 3.615 GC heap after
{Heap after GC invocations=39 (full 0):
 garbage-first heap   total 90112K, used 31721K [0x0000000083800000, 0x0000000100000000)
  region size 1024K, 3 young (3072K), 3 survivors (3072K)
 Metaspace       used 15285K, capacity 15534K, committed 15744K, reserved 1062912K
  class space    used 1513K, capacity 1607K, committed 1664K, reserved 1048576K
}
Event: 3.930 GC heap before
{Heap before GC invocations=39 (full 0):
 garbage-first heap   total 90112K, used 51177K [0x0000000083800000, 0x0000000100000000)
  region size 1024K, 21 young (21504K), 3 survivors (3072K)
 Metaspace       used 15905K, capacity 16186K, committed 16384K, reserved 1064960K
  class space    used 1561K, capacity 1694K, committed 1792K, reserved 1048576K
}
Event: 3.963 GC heap after
{Heap after GC invocations=40 (full 0):
 garbage-first heap   total 90112K, used 42318K [0x0000000083800000, 0x0000000100000000)
  region size 1024K, 3 young (3072K), 3 survivors (3072K)
 Metaspace       used 15905K, capacity 16186K, committed 16384K, reserved 1064960K
  class space    used 1561K, capacity 1694K, committed 1792K, reserved 1048576K
}
Event: 4.035 GC heap before
{Heap before GC invocations=40 (full 0):
 garbage-first heap   total 90112K, used 57678K [0x0000000083800000, 0x0000000100000000)
  region size 1024K, 18 young (18432K), 3 survivors (3072K)
 Metaspace       used 15948K, capacity 16258K, committed 16384K, reserved 1064960K
  class space    used 1564K, capacity 1697K, committed 1792K, reserved 1048576K
}
Event: 4.097 GC heap after
{Heap after GC invocations=41 (full 0):
 garbage-first heap   total 215040K, used 54272K [0x0000000083800000, 0x0000000100000000)
  region size 1024K, 3 young (3072K), 3 survivors (3072K)
 Metaspace       used 15948K, capacity 16258K, committed 16384K, reserved 1064960K
  class space    used 1564K, capacity 1697K, committed 1792K, reserved 1048576K
}
Event: 4.434 GC heap before
{Heap before GC invocations=41 (full 0):
 garbage-first heap   total 215040K, used 76800K [0x0000000083800000, 0x0000000100000000)
  region size 1024K, 23 young (23552K), 3 survivors (3072K)
 Metaspace       used 16232K, capacity 16526K, committed 16640K, reserved 1064960K
  class space    used 1568K, capacity 1697K, committed 1792K, reserved 1048576K
}
Event: 4.452 GC heap after
{Heap after GC invocations=42 (full 0):
 garbage-first heap   total 215040K, used 60416K [0x0000000083800000, 0x0000000100000000)
  region size 1024K, 3 young (3072K), 3 survivors (3072K)
 Metaspace       used 16232K, capacity 16526K, committed 16640K, reserved 1064960K
  class space    used 1568K, capacity 1697K, committed 1792K, reserved 1048576K
}
Event: 4.878 GC heap before
{Heap before GC invocations=42 (full 0):
 garbage-first heap   total 215040K, used 87040K [0x0000000083800000, 0x0000000100000000)
  region size 1024K, 29 young (29696K), 3 survivors (3072K)
 Metaspace       used 16860K, capacity 17180K, committed 17408K, reserved 1064960K
  class space    used 1634K, capacity 1742K, committed 1792K, reserved 1048576K
}
Event: 4.896 GC heap after
{Heap after GC invocations=43 (full 0):
 garbage-first heap   total 215040K, used 65452K [0x0000000083800000, 0x0000000100000000)
  region size 1024K, 4 young (4096K), 4 survivors (4096K)
 Metaspace       used 16860K, capacity 17180K, committed 17408K, reserved 1064960K
  class space    used 1634K, capacity 1742K, committed 1792K, reserved 1048576K
}
Event: 6.685 GC heap before
{Heap before GC invocations=43 (full 0):
 garbage-first heap   total 215040K, used 100268K [0x0000000083800000, 0x0000000100000000)
  region size 1024K, 38 young (38912K), 4 survivors (4096K)
 Metaspace       used 17942K, capacity 18220K, committed 18432K, reserved 1067008K
  class space    used 1668K, capacity 1787K, committed 1792K, reserved 1048576K
}
Event: 6.702 GC heap after
{Heap after GC invocations=44 (full 0):
 garbage-first heap   total 215040K, used 68351K [0x0000000083800000, 0x0000000100000000)
  region size 1024K, 3 young (3072K), 3 survivors (3072K)
 Metaspace       used 17942K, capacity 18220K, committed 18432K, reserved 1067008K
  class space    used 1668K, capacity 1787K, committed 1792K, reserved 1048576K
}
Event: 7.217 GC heap before
{Heap before GC invocations=44 (full 0):
 garbage-first heap   total 215040K, used 118527K [0x0000000083800000, 0x0000000100000000)
  region size 1024K, 52 young (53248K), 3 survivors (3072K)
 Metaspace       used 18153K, capacity 18477K, committed 18688K, reserved 1067008K
  class space    used 1668K, capacity 1787K, committed 1792K, reserved 1048576K
}

Deoptimization events (20 events):
Event: 6.782 Thread 0x000001e8e34e4800 DEOPT PACKING pc=0x000001e8ec7e9061 sp=0x000000e6ac4fe330
Event: 6.783 Thread 0x000001e8e34e4800 DEOPT UNPACKING pc=0x000001e8ebc4a95e sp=0x000000e6ac4fd838 mode 0
Event: 6.784 Thread 0x000001e8e34e4800 Uncommon trap: trap_request=0xffffff4d fr.pc=0x000001e8f38e3234 relative=0x00000000000008b4
Event: 6.784 Thread 0x000001e8e34e4800 Uncommon trap: reason=unstable_if action=reinterpret pc=0x000001e8f38e3234 method=com.sun.tools.javac.jvm.Code.emitop0(I)V @ 14 c2
Event: 6.784 Thread 0x000001e8e34e4800 DEOPT PACKING pc=0x000001e8f38e3234 sp=0x000000e6ac4fe140
Event: 6.784 Thread 0x000001e8e34e4800 DEOPT UNPACKING pc=0x000001e8ebc4a1af sp=0x000000e6ac4fe120 mode 2
Event: 6.861 Thread 0x000001e8e34e4800 Uncommon trap: trap_request=0xffffff4d fr.pc=0x000001e8f38c162c relative=0x00000000000016ec
Event: 6.861 Thread 0x000001e8e34e4800 Uncommon trap: reason=unstable_if action=reinterpret pc=0x000001e8f38c162c method=com.sun.tools.javac.code.Types$SignatureGenerator.assembleSig(Lcom/sun/tools/javac/code/Type;)V @ 11 c2
Event: 6.861 Thread 0x000001e8e34e4800 DEOPT PACKING pc=0x000001e8f38c162c sp=0x000000e6ac4fe540
Event: 6.861 Thread 0x000001e8e34e4800 DEOPT UNPACKING pc=0x000001e8ebc4a1af sp=0x000000e6ac4fe538 mode 2
Event: 6.875 Thread 0x000001e8e34e4800 DEOPT PACKING pc=0x000001e8ecaa71cb sp=0x000000e6ac4fd600
Event: 6.875 Thread 0x000001e8e34e4800 DEOPT UNPACKING pc=0x000001e8ebc4a95e sp=0x000000e6ac4fcb10 mode 0
Event: 6.892 Thread 0x000001e8e34e4800 DEOPT PACKING pc=0x000001e8ec5fcff8 sp=0x000000e6ac4fc770
Event: 6.892 Thread 0x000001e8e34e4800 DEOPT UNPACKING pc=0x000001e8ebc4a95e sp=0x000000e6ac4fbc08 mode 0
Event: 6.941 Thread 0x000001e8e34e4800 Uncommon trap: trap_request=0xffffff4d fr.pc=0x000001e8f38df3a4 relative=0x0000000000000644
Event: 6.941 Thread 0x000001e8e34e4800 Uncommon trap: reason=unstable_if action=reinterpret pc=0x000001e8f38df3a4 method=com.sun.tools.javac.jvm.Code$State.push(Lcom/sun/tools/javac/code/Type;)V @ 152 c2
Event: 6.941 Thread 0x000001e8e34e4800 DEOPT PACKING pc=0x000001e8f38df3a4 sp=0x000000e6ac4fe0b0
Event: 6.941 Thread 0x000001e8e34e4800 DEOPT UNPACKING pc=0x000001e8ebc4a1af sp=0x000000e6ac4fe0b0 mode 2
Event: 7.156 Thread 0x000001e8e34e4800 DEOPT PACKING pc=0x000001e8eca94b30 sp=0x000000e6ac4fe970
Event: 7.156 Thread 0x000001e8e34e4800 DEOPT UNPACKING pc=0x000001e8ebc4a95e sp=0x000000e6ac4fdea8 mode 0

Classes redefined (0 events):
No events

Internal exceptions (20 events):
Event: 6.956 Thread 0x000001e8e34e4800 Exception <a 'sun/nio/fs/WindowsException'{0x000000008f572c78}> (0x000000008f572c78) thrown at [./src/hotspot/share/prims/jni.cpp, line 617]
Event: 6.959 Thread 0x000001e8e34e4800 Exception <a 'sun/nio/fs/WindowsException'{0x000000008f57a508}> (0x000000008f57a508) thrown at [./src/hotspot/share/prims/jni.cpp, line 617]
Event: 6.974 Thread 0x000001e8e34e4800 Exception <a 'sun/nio/fs/WindowsException'{0x000000008f39a5e8}> (0x000000008f39a5e8) thrown at [./src/hotspot/share/prims/jni.cpp, line 617]
Event: 6.994 Thread 0x000001e8e34e4800 Exception <a 'sun/nio/fs/WindowsException'{0x000000008ee76ea8}> (0x000000008ee76ea8) thrown at [./src/hotspot/share/prims/jni.cpp, line 617]
Event: 6.998 Thread 0x000001e8e34e4800 Exception <a 'sun/nio/fs/WindowsException'{0x000000008ee81db8}> (0x000000008ee81db8) thrown at [./src/hotspot/share/prims/jni.cpp, line 617]
Event: 7.010 Thread 0x000001e8e34e4800 Exception <a 'sun/nio/fs/WindowsException'{0x000000008ed7cf30}> (0x000000008ed7cf30) thrown at [./src/hotspot/share/prims/jni.cpp, line 617]
Event: 7.059 Thread 0x000001e8e34e4800 Exception <a 'sun/nio/fs/WindowsException'{0x000000008e024f38}> (0x000000008e024f38) thrown at [./src/hotspot/share/prims/jni.cpp, line 617]
Event: 7.064 Thread 0x000001e8e34e4800 Exception <a 'sun/nio/fs/WindowsException'{0x000000008e02e9f8}> (0x000000008e02e9f8) thrown at [./src/hotspot/share/prims/jni.cpp, line 617]
Event: 7.068 Thread 0x000001e8e34e4800 Exception <a 'sun/nio/fs/WindowsException'{0x000000008e038578}> (0x000000008e038578) thrown at [./src/hotspot/share/prims/jni.cpp, line 617]
Event: 7.073 Thread 0x000001e8e34e4800 Exception <a 'sun/nio/fs/WindowsException'{0x000000008e042168}> (0x000000008e042168) thrown at [./src/hotspot/share/prims/jni.cpp, line 617]
Event: 7.080 Thread 0x000001e8e34e4800 Exception <a 'sun/nio/fs/WindowsException'{0x000000008e097bb8}> (0x000000008e097bb8) thrown at [./src/hotspot/share/prims/jni.cpp, line 617]
Event: 7.096 Thread 0x000001e8e34e4800 Exception <a 'sun/nio/fs/WindowsException'{0x000000008de09898}> (0x000000008de09898) thrown at [./src/hotspot/share/prims/jni.cpp, line 617]
Event: 7.112 Thread 0x000001e8e34e4800 Exception <a 'sun/nio/fs/WindowsException'{0x000000008dd483a8}> (0x000000008dd483a8) thrown at [./src/hotspot/share/prims/jni.cpp, line 617]
Event: 7.128 Thread 0x000001e8e34e4800 Exception <a 'sun/nio/fs/WindowsException'{0x000000008dcb7580}> (0x000000008dcb7580) thrown at [./src/hotspot/share/prims/jni.cpp, line 617]
Event: 7.137 Thread 0x000001e8e34e4800 Exception <a 'sun/nio/fs/WindowsException'{0x000000008dcf43d8}> (0x000000008dcf43d8) thrown at [./src/hotspot/share/prims/jni.cpp, line 617]
Event: 7.170 Thread 0x000001e8e34e4800 Exception <a 'sun/nio/fs/WindowsException'{0x000000008d723048}> (0x000000008d723048) thrown at [./src/hotspot/share/prims/jni.cpp, line 617]
Event: 7.174 Thread 0x000001e8e34e4800 Exception <a 'sun/nio/fs/WindowsException'{0x000000008d72ca40}> (0x000000008d72ca40) thrown at [./src/hotspot/share/prims/jni.cpp, line 617]
Event: 7.180 Thread 0x000001e8e34e4800 Exception <a 'sun/nio/fs/WindowsException'{0x000000008d751490}> (0x000000008d751490) thrown at [./src/hotspot/share/prims/jni.cpp, line 617]
Event: 7.187 Thread 0x000001e8e34e4800 Exception <a 'sun/nio/fs/WindowsException'{0x000000008d76de48}> (0x000000008d76de48) thrown at [./src/hotspot/share/prims/jni.cpp, line 617]
Event: 7.194 Thread 0x000001e8e34e4800 Exception <a 'sun/nio/fs/WindowsException'{0x000000008d79cbd8}> (0x000000008d79cbd8) thrown at [./src/hotspot/share/prims/jni.cpp, line 617]

Events (20 events):
Event: 5.061 loading class com/sun/tools/javac/util/List done
Event: 5.061 loading class com/sun/tools/javac/util/ListBuffer
Event: 5.061 loading class com/sun/tools/javac/util/ListBuffer done
Event: 5.268 Executing VM operation: ICBufferFull
Event: 5.268 Executing VM operation: ICBufferFull done
Event: 6.037 Executing VM operation: ICBufferFull
Event: 6.038 Executing VM operation: ICBufferFull done
Event: 6.536 Executing VM operation: ICBufferFull
Event: 6.536 Executing VM operation: ICBufferFull done
Event: 6.606 Executing VM operation: ICBufferFull
Event: 6.607 Executing VM operation: ICBufferFull done
Event: 6.646 Executing VM operation: ICBufferFull
Event: 6.646 Executing VM operation: ICBufferFull done
Event: 6.685 Executing VM operation: G1CollectForAllocation
Event: 6.702 Executing VM operation: G1CollectForAllocation done
Event: 6.881 Executing VM operation: ICBufferFull
Event: 6.882 Executing VM operation: ICBufferFull done
Event: 7.204 Executing VM operation: ICBufferFull
Event: 7.204 Executing VM operation: ICBufferFull done
Event: 7.217 Executing VM operation: G1CollectForAllocation


Dynamic libraries:
0x00007ff725b80000 - 0x00007ff725b87000 	C:\Program Files\Microsoft\jdk-11.0.16.101-hotspot\bin\javac.exe
0x000001e8e1290000 - 0x000001e8e1488000 	C:\WINDOWS\SYSTEM32\ntd1l.dll
0x000001e8e0ce0000 - 0x000001e8e0d9d000 	C:\WINDOWS\System32\kern3l32.dll
0x00007ff9a3a70000 - 0x00007ff9a3c68000 	C:\WINDOWS\SYSTEM32\ntdll.dll
0x00007ff9a1c70000 - 0x00007ff9a1d2d000 	C:\WINDOWS\System32\KERNEL32.DLL
0x00007ff9a1500000 - 0x00007ff9a17f6000 	C:\WINDOWS\System32\KERNELBASE.dll
0x00007ff9a0bc0000 - 0x00007ff9a0ed3000 	C:\Program Files\SentinelOne\Sentinel Agent 23.1.4.650\InProcessClient64.dll
0x00007ff9a1d40000 - 0x00007ff9a1dee000 	C:\WINDOWS\System32\ADVAPI32.dll
0x00007ff9a23e0000 - 0x00007ff9a247e000 	C:\WINDOWS\System32\msvcrt.dll
0x00007ff9a1bd0000 - 0x00007ff9a1c6c000 	C:\WINDOWS\System32\sechost.dll
0x00007ff9a3900000 - 0x00007ff9a3a26000 	C:\WINDOWS\System32\RPCRT4.dll
0x00007ff9a12b0000 - 0x00007ff9a13b0000 	C:\WINDOWS\System32\ucrtbase.dll
0x00007ff979c20000 - 0x00007ff979c35000 	C:\Program Files\Microsoft\jdk-11.0.16.101-hotspot\bin\VCRUNTIME140.dll
0x00007ff974440000 - 0x00007ff974457000 	C:\Program Files\Microsoft\jdk-11.0.16.101-hotspot\bin\jli.dll
0x00007ff9a3200000 - 0x00007ff9a339e000 	C:\WINDOWS\System32\USER32.dll
0x00007ff9a02e0000 - 0x00007ff9a057a000 	C:\WINDOWS\WinSxS\amd64_microsoft.windows.common-controls_6595b64144ccf1df_6.0.19041.1110_none_60b5254171f9507e\COMCTL32.dll
0x00007ff9a1a00000 - 0x00007ff9a1a22000 	C:\WINDOWS\System32\win32u.dll
0x00007ff9a23b0000 - 0x00007ff9a23dc000 	C:\WINDOWS\System32\GDI32.dll
0x00007ff9a13e0000 - 0x00007ff9a14fa000 	C:\WINDOWS\System32\gdi32full.dll
0x00007ff9a1a30000 - 0x00007ff9a1acd000 	C:\WINDOWS\System32\msvcp_win.dll
0x00007ff9a0770000 - 0x00007ff9a077a000 	C:\WINDOWS\SYSTEM32\VERSION.dll
0x00007ff9a0760000 - 0x00007ff9a076b000 	C:\WINDOWS\SYSTEM32\FLTLIB.DLL
0x00007ff9a2380000 - 0x00007ff9a23b0000 	C:\WINDOWS\System32\IMM32.DLL
0x00007ff93efd0000 - 0x00007ff93f06b000 	C:\Program Files\Microsoft\jdk-11.0.16.101-hotspot\bin\msvcp140.dll
0x00007ff8d8690000 - 0x00007ff8d921a000 	C:\Program Files\Microsoft\jdk-11.0.16.101-hotspot\bin\server\jvm.dll
0x00007ff9a1d30000 - 0x00007ff9a1d38000 	C:\WINDOWS\System32\PSAPI.DLL
0x00007ff9908e0000 - 0x00007ff9908e9000 	C:\WINDOWS\SYSTEM32\WSOCK32.dll
0x00007ff9a2480000 - 0x00007ff9a24eb000 	C:\WINDOWS\System32\WS2_32.dll
0x00007ff974c20000 - 0x00007ff974c47000 	C:\WINDOWS\SYSTEM32\WINMM.dll
0x00007ff99e5b0000 - 0x00007ff99e5c2000 	C:\WINDOWS\SYSTEM32\kernel.appcore.dll
0x00007ff987af0000 - 0x00007ff987b00000 	C:\Program Files\Microsoft\jdk-11.0.16.101-hotspot\bin\verify.dll
0x00007ff9a07c0000 - 0x00007ff9a09a4000 	C:\WINDOWS\SYSTEM32\DBGHELP.DLL
0x00007ff9a0780000 - 0x00007ff9a07b4000 	C:\WINDOWS\SYSTEM32\dbgcore.DLL
0x00007ff9a1970000 - 0x00007ff9a19f2000 	C:\WINDOWS\System32\bcryptPrimitives.dll
0x00007ff951170000 - 0x00007ff951198000 	C:\Program Files\Microsoft\jdk-11.0.16.101-hotspot\bin\java.dll
0x00007ff972e40000 - 0x00007ff972e4a000 	C:\Program Files\Microsoft\jdk-11.0.16.101-hotspot\bin\jimage.dll
0x00007ff94e4a0000 - 0x00007ff94e51b000 	C:\Program Files\SentinelOne\Sentinel Agent 23.1.4.650\SentinelJava64.dll
0x00007ff9a3590000 - 0x00007ff9a36ba000 	C:\WINDOWS\System32\ole32.dll
0x00007ff9a24f0000 - 0x00007ff9a2844000 	C:\WINDOWS\System32\combase.dll
0x00007ff951150000 - 0x00007ff951168000 	C:\Program Files\Microsoft\jdk-11.0.16.101-hotspot\bin\zip.dll
0x00007ff9a2850000 - 0x00007ff9a2f95000 	C:\WINDOWS\System32\SHELL32.dll
0x00007ff99e7d0000 - 0x00007ff99ef6b000 	C:\WINDOWS\SYSTEM32\windows.storage.dll
0x00007ff9a0070000 - 0x00007ff9a009e000 	C:\WINDOWS\SYSTEM32\Wldp.dll
0x00007ff9a2fa0000 - 0x00007ff9a304d000 	C:\WINDOWS\System32\SHCORE.dll
0x00007ff9a1b70000 - 0x00007ff9a1bc5000 	C:\WINDOWS\System32\shlwapi.dll
0x00007ff9a1080000 - 0x00007ff9a10a5000 	C:\WINDOWS\SYSTEM32\profapi.dll
0x00007ff950d80000 - 0x00007ff950d99000 	C:\Program Files\Microsoft\jdk-11.0.16.101-hotspot\bin\net.dll
0x00007ff99a500000 - 0x00007ff99a60a000 	C:\WINDOWS\SYSTEM32\WINHTTP.dll
0x00007ff99fe50000 - 0x00007ff99feba000 	C:\WINDOWS\system32\mswsock.dll
0x00007ff950d60000 - 0x00007ff950d73000 	C:\Program Files\Microsoft\jdk-11.0.16.101-hotspot\bin\nio.dll

dbghelp: loaded successfully - version: 4.0.5 - missing functions: none
symbol engine: initialized successfully - sym options: 0x614 - pdb path: .;C:\Program Files\Microsoft\jdk-11.0.16.101-hotspot\bin;C:\WINDOWS\SYSTEM32;C:\Program Files\SentinelOne\Sentinel Agent 23.1.4.650;C:\WINDOWS\WinSxS\amd64_microsoft.windows.common-controls_6595b64144ccf1df_6.0.19041.1110_none_60b5254171f9507e;C:\Program Files\Microsoft\jdk-11.0.16.101-hotspot\bin\server

VM Arguments:
jvm_args: -Dapplication.home=C:\Program Files\Microsoft\jdk-11.0.16.101-hotspot --add-modules=ALL-DEFAULT -Xms8m -Dfile.encoding=UTF8 -Djdk.module.main=jdk.compiler -agentpath:C:\Program Files\SentinelOne\Sentinel Agent 23.1.4.650\SentinelJava64.dll 
java_command: jdk.compiler/com.sun.tools.javac.Main @C:\Users\edoardo\AppData\Local\Temp\tmpEBB1.tmp -target 1.8 -source 1.8
java_class_path (initial): <not set>
Launcher Type: SUN_STANDARD

[Global flags]
     intx CICompilerCount                          = 4                                         {product} {ergonomic}
     uint ConcGCThreads                            = 2                                         {product} {ergonomic}
     uint G1ConcRefinementThreads                  = 8                                         {product} {ergonomic}
   size_t G1HeapRegionSize                         = 1048576                                   {product} {ergonomic}
    uintx GCDrainStackTargetSize                   = 64                                        {product} {ergonomic}
   size_t InitialHeapSize                          = 8388608                                   {product} {command line}
   size_t MarkStackSize                            = 4194304                                   {product} {ergonomic}
   size_t MaxHeapSize                              = 2088763392                                {product} {ergonomic}
   size_t MaxNewSize                               = 1253048320                                {product} {ergonomic}
   size_t MinHeapDeltaBytes                        = 1048576                                   {product} {ergonomic}
    uintx NonNMethodCodeHeapSize                   = 5836300                                {pd product} {ergonomic}
    uintx NonProfiledCodeHeapSize                  = 122910970                              {pd product} {ergonomic}
    uintx ProfiledCodeHeapSize                     = 122910970                              {pd product} {ergonomic}
    uintx ReservedCodeCacheSize                    = 251658240                              {pd product} {ergonomic}
     bool SegmentedCodeCache                       = true                                      {product} {ergonomic}
     bool UseCompressedClassPointers               = true                                 {lp64_product} {ergonomic}
     bool UseCompressedOops                        = true                                 {lp64_product} {ergonomic}
     bool UseG1GC                                  = true                                      {product} {ergonomic}
     bool UseLargePagesIndividualAllocation        = false                                  {pd product} {ergonomic}

Logging:
Log output configuration:
 #0: stdout all=warning uptime,level,tags
 #1: stderr all=off uptime,level,tags

Environment Variables:
PATH=C:\Program Files (x86)\Common Files\Oracle\Java\javapath;C:\Program Files\Microsoft\jdk-11.0.16.101-hotspot\bin;C:\Program Files\Eclipse Foundation\jdk-8.0.302.8-hotspot\bin;C:\WINDOWS\system32;C:\WINDOWS;C:\WINDOWS\System32\Wbem;C:\WINDOWS\System32\WindowsPowerShell\v1.0\;C:\WINDOWS\System32\OpenSSH\;C:\Program Files\dotnet\;C:\Program Files\MATLAB\R2020b\bin;C:\Program Files\Calibre2\;C:\Program Files\Microsoft SQL Server\130\Tools\Binn\;C:\Program Files\Git\cmd;C:\Program Files\MySQL\MySQL Shell 8.0\bin\;C:\Users\edoardo\AppData\Local\Programs\Python\Python39\Scripts\;C:\Users\edoardo\AppData\Local\Programs\Python\Python39\;C:\Users\edoardo\AppData\Local\Microsoft\WindowsApps; C:\src\flutter\bin;C:\Users\edoardo\.dotnet\tools;C:\Users\edoardo\AppData\Local\Microsoft\WindowsApps;C:\Users\edoardo\AppData\Local\Google\Cloud SDK\google-cloud-sdk\bin;C:\Users\edoardo\AppData\Local\Programs\Microsoft VS Code\bin
USERNAME=emanuele
OS=Windows_NT
PROCESSOR_IDENTIFIER=Intel64 Family 6 Model 142 Stepping 12, GenuineIntel
TMP=C:\Users\edoardo\AppData\Local\Temp
TEMP=C:\Users\edoardo\AppData\Local\Temp



---------------  S Y S T E M  ---------------

OS: Windows 10 , 64 bit Build 19041 (10.0.19041.3393)
OS uptime: 0 days 0:55 hours
Hyper-V role detected

CPU:total 8 (initial active 8) (4 cores per cpu, 2 threads per core) family 6 model 142 stepping 12 microcode 0xec, cmov, cx8, fxsr, mmx, sse, sse2, sse3, ssse3, sse4.1, sse4.2, popcnt, avx, avx2, aes, clmul, erms, 3dnowpref, lzcnt, ht, tsc, tscinvbit, bmi1, bmi2, adx, fma

Memory: 4k page, system-wide physical 7966M (553M free)
TotalPageFile size 11966M (AvailPageFile size 124M)
current process WorkingSet (physical memory assigned to process): 290M, peak: 290M
current process commit charge ("private bytes"): 389M, peak: 606M

vm_info: OpenJDK 64-Bit Server VM (11.0.16.1+1-LTS) for windows-amd64 JRE (11.0.16.1+1-LTS), built on Aug 20 2022 20:09:04 by "" with MS VC++ 15.9 (VS2017)

END.
