#
# There is insufficient memory for the Java Runtime Environment to continue.
# Native memory allocation (malloc) failed to allocate 1048576 bytes for AllocateHeap
# Possible reasons:
#   The system is out of physical RAM or swap space
#   The process is running with CompressedOops enabled, and the Java Heap may be blocking the growth of the native heap
# Possible solutions:
#   Reduce memory load on the system
#   Increase physical memory or swap space
#   Check if swap backing store is full
#   Decrease Java heap size (-Xmx/-Xms)
#   Decrease number of Java threads
#   Decrease Java thread stack sizes (-Xss)
#   Set larger code cache with -XX:ReservedCodeCacheSize=
#   JVM is running with Unscaled Compressed Oops mode in which the Java heap is
#     placed in the first 4GB address space. The Java Heap base address is the
#     maximum limit for the native heap growth. Please use -XX:HeapBaseMinAddress
#     to set the Java Heap base and to place the Java Heap above 4GB virtual address.
# This output file may be truncated or incomplete.
#
#  Out of Memory Error (./src/hotspot/share/memory/allocation.cpp:46), pid=2096, tid=8284
#
# JRE version:  (11.0.16.1+1) (build )
# Java VM: OpenJDK 64-Bit Server VM (11.0.16.1+1-LTS, mixed mode, sharing, tiered, compressed oops, g1 gc, windows-amd64)
# No core dump will be written. Minidumps are not enabled by default on client versions of Windows
#

---------------  S U M M A R Y ------------

Command Line: -agentpath:C:\Program Files\SentinelOne\Sentinel Agent 23.1.4.650\SentinelJava64.dll com.xamarin.manifestmerger.Main obj\Debug\100\android\manifestmerger.rsp

Host: Intel(R) Core(TM) i5-8265U CPU @ 1.60GHz, 8 cores, 7G,  Windows 10 , 64 bit Build 19041 (10.0.19041.3393)
Time: Mon Sep 25 09:45:51 2023 ora legale Europa occidentale elapsed time: 0.025123 seconds (0d 0h 0m 0s)

---------------  T H R E A D  ---------------

Current thread (0x00000225f08b2000):  JavaThread "Unknown thread" [_thread_in_vm, id=8284, stack(0x000000a663b00000,0x000000a663c00000)]

Stack: [0x000000a663b00000,0x000000a663c00000]
Native frames: (J=compiled Java code, j=interpreted, Vv=VM code, C=native code)
V  [jvm.dll+0x62652a]
V  [jvm.dll+0x7b3249]
V  [jvm.dll+0x7b4938]
V  [jvm.dll+0x7b5013]
V  [jvm.dll+0x24fca8]
V  [jvm.dll+0xb95f4]
V  [jvm.dll+0x2e0998]
V  [jvm.dll+0x78d087]
V  [jvm.dll+0x78e81f]
V  [jvm.dll+0x35f8e9]
V  [jvm.dll+0x770000]
V  [jvm.dll+0x3cd40f]
V  [jvm.dll+0x3cf7a1]
C  [InProcessClient64.dll+0x142dc0]
C  [InProcessClient64.dll+0xf0406]
C  [InProcessClient64.dll+0xf0352]
C  [jli.dll+0x5207]
C  [ucrtbase.dll+0x21bb2]
C  [KERNEL32.DLL+0x17344]
C  [ntdll.dll+0x526b1]


---------------  P R O C E S S  ---------------

Threads class SMR info:
_java_thread_list=0x00000225edfcf4f0, length=0, elements={
}

Java Threads: ( => current thread )

Other Threads:

=>0x00000225f08b2000 (exited) JavaThread "Unknown thread" [_thread_in_vm, id=8284, stack(0x000000a663b00000,0x000000a663c00000)]

Threads with active compile tasks:

VM state:not at safepoint (not fully initialized)

VM Mutex/Monitor currently owned by a thread: None


[error occurred during error reporting (printing compressed oops mode), id 0xc0000005, EXCEPTION_ACCESS_VIOLATION (0xc0000005) at pc=0x00007ff8db55de67]

GC Heap History (0 events):
No events

Deoptimization events (0 events):
No events

Classes redefined (0 events):
No events

Internal exceptions (0 events):
No events

Events (1 events):
Event: 0.019 Loaded shared library C:\Program Files\Microsoft\jdk-11.0.16.101-hotspot\bin\zip.dll


Dynamic libraries:
0x00007ff65c0f0000 - 0x00007ff65c0fd000 	C:\Program Files\Microsoft\jdk-11.0.16.101-hotspot\bin\java.exe
0x00000225ee5f0000 - 0x00000225ee7e8000 	C:\WINDOWS\SYSTEM32\ntd1l.dll
0x00000225ee7f0000 - 0x00000225ee8ad000 	C:\WINDOWS\System32\kern3l32.dll
0x00007ff9a3a70000 - 0x00007ff9a3c68000 	C:\WINDOWS\SYSTEM32\ntdll.dll
0x00007ff9a1c70000 - 0x00007ff9a1d2d000 	C:\WINDOWS\System32\KERNEL32.DLL
0x00007ff9a1500000 - 0x00007ff9a17f6000 	C:\WINDOWS\System32\KERNELBASE.dll
0x00007ff9a0bc0000 - 0x00007ff9a0ed3000 	C:\Program Files\SentinelOne\Sentinel Agent 23.1.4.650\InProcessClient64.dll
0x00007ff9a1d40000 - 0x00007ff9a1dee000 	C:\WINDOWS\System32\ADVAPI32.dll
0x00007ff9a23e0000 - 0x00007ff9a247e000 	C:\WINDOWS\System32\msvcrt.dll
0x00007ff9a1bd0000 - 0x00007ff9a1c6c000 	C:\WINDOWS\System32\sechost.dll
0x00007ff9a3900000 - 0x00007ff9a3a26000 	C:\WINDOWS\System32\RPCRT4.dll
0x00007ff9a12b0000 - 0x00007ff9a13b0000 	C:\WINDOWS\System32\ucrtbase.dll
0x00007ff979a60000 - 0x00007ff979a75000 	C:\Program Files\Microsoft\jdk-11.0.16.101-hotspot\bin\VCRUNTIME140.dll
0x00007ff979c20000 - 0x00007ff979c37000 	C:\Program Files\Microsoft\jdk-11.0.16.101-hotspot\bin\jli.dll
0x00007ff9a3200000 - 0x00007ff9a339e000 	C:\WINDOWS\System32\USER32.dll
0x00007ff9a1a00000 - 0x00007ff9a1a22000 	C:\WINDOWS\System32\win32u.dll
0x00007ff9a02e0000 - 0x00007ff9a057a000 	C:\WINDOWS\WinSxS\amd64_microsoft.windows.common-controls_6595b64144ccf1df_6.0.19041.1110_none_60b5254171f9507e\COMCTL32.dll
0x00007ff9a23b0000 - 0x00007ff9a23dc000 	C:\WINDOWS\System32\GDI32.dll
0x00007ff9a13e0000 - 0x00007ff9a14fa000 	C:\WINDOWS\System32\gdi32full.dll
0x00007ff9a1a30000 - 0x00007ff9a1acd000 	C:\WINDOWS\System32\msvcp_win.dll
0x00007ff9a0770000 - 0x00007ff9a077a000 	C:\WINDOWS\SYSTEM32\VERSION.dll
0x00007ff9a0760000 - 0x00007ff9a076b000 	C:\WINDOWS\SYSTEM32\FLTLIB.DLL
0x00007ff9a2380000 - 0x00007ff9a23b0000 	C:\WINDOWS\System32\IMM32.DLL
0x00007ff970180000 - 0x00007ff97021b000 	C:\Program Files\Microsoft\jdk-11.0.16.101-hotspot\bin\msvcp140.dll
0x00007ff8dadd0000 - 0x00007ff8db95a000 	C:\Program Files\Microsoft\jdk-11.0.16.101-hotspot\bin\server\jvm.dll
0x00007ff9a1d30000 - 0x00007ff9a1d38000 	C:\WINDOWS\System32\PSAPI.DLL
0x00007ff9908e0000 - 0x00007ff9908e9000 	C:\WINDOWS\SYSTEM32\WSOCK32.dll
0x00007ff9a2480000 - 0x00007ff9a24eb000 	C:\WINDOWS\System32\WS2_32.dll
0x00007ff974c20000 - 0x00007ff974c47000 	C:\WINDOWS\SYSTEM32\WINMM.dll
0x00007ff99e5b0000 - 0x00007ff99e5c2000 	C:\WINDOWS\SYSTEM32\kernel.appcore.dll
0x00007ff979a50000 - 0x00007ff979a60000 	C:\Program Files\Microsoft\jdk-11.0.16.101-hotspot\bin\verify.dll
0x00007ff9a07c0000 - 0x00007ff9a09a4000 	C:\WINDOWS\SYSTEM32\DBGHELP.DLL
0x00007ff9a0780000 - 0x00007ff9a07b4000 	C:\WINDOWS\SYSTEM32\dbgcore.DLL
0x00007ff9a1970000 - 0x00007ff9a19f2000 	C:\WINDOWS\System32\bcryptPrimitives.dll
0x00007ff979a20000 - 0x00007ff979a48000 	C:\Program Files\Microsoft\jdk-11.0.16.101-hotspot\bin\java.dll
0x00007ff979a10000 - 0x00007ff979a1a000 	C:\Program Files\Microsoft\jdk-11.0.16.101-hotspot\bin\jimage.dll
0x00007ff94e4a0000 - 0x00007ff94e51b000 	C:\Program Files\SentinelOne\Sentinel Agent 23.1.4.650\SentinelJava64.dll
0x00007ff9a3590000 - 0x00007ff9a36ba000 	C:\WINDOWS\System32\ole32.dll
0x00007ff9a24f0000 - 0x00007ff9a2844000 	C:\WINDOWS\System32\combase.dll
0x00007ff9799f0000 - 0x00007ff979a08000 	C:\Program Files\Microsoft\jdk-11.0.16.101-hotspot\bin\zip.dll

dbghelp: loaded successfully - version: 4.0.5 - missing functions: none
symbol engine: initialized successfully - sym options: 0x614 - pdb path: .;C:\Program Files\Microsoft\jdk-11.0.16.101-hotspot\bin;C:\WINDOWS\SYSTEM32;C:\Program Files\SentinelOne\Sentinel Agent 23.1.4.650;C:\WINDOWS\WinSxS\amd64_microsoft.windows.common-controls_6595b64144ccf1df_6.0.19041.1110_none_60b5254171f9507e;C:\Program Files\Microsoft\jdk-11.0.16.101-hotspot\bin\server

VM Arguments:
jvm_args: -agentpath:C:\Program Files\SentinelOne\Sentinel Agent 23.1.4.650\SentinelJava64.dll 
java_command: com.xamarin.manifestmerger.Main obj\Debug\100\android\manifestmerger.rsp
java_class_path (initial): C:\Program Files\Microsoft Visual Studio\2022\Community\MSBuild\Xamarin\Android\manifestmerger.jar
Launcher Type: SUN_STANDARD

[Global flags]
     intx CICompilerCount                          = 4                                         {product} {ergonomic}
     uint G1ConcRefinementThreads                  = 8                                         {product} {ergonomic}
   size_t G1HeapRegionSize                         = 1048576                                   {product} {ergonomic}
    uintx GCDrainStackTargetSize                   = 64                                        {product} {ergonomic}
   size_t InitialHeapSize                          = 132120576                                 {product} {ergonomic}
   size_t MaxHeapSize                              = 2088763392                                {product} {ergonomic}
   size_t MinHeapDeltaBytes                        = 1048576                                   {product} {ergonomic}
    uintx NonNMethodCodeHeapSize                   = 5836300                                {pd product} {ergonomic}
    uintx NonProfiledCodeHeapSize                  = 122910970                              {pd product} {ergonomic}
    uintx ProfiledCodeHeapSize                     = 122910970                              {pd product} {ergonomic}
    uintx ReservedCodeCacheSize                    = 251658240                              {pd product} {ergonomic}
     bool SegmentedCodeCache                       = true                                      {product} {ergonomic}
     bool UseCompressedClassPointers               = true                                 {lp64_product} {ergonomic}
     bool UseCompressedOops                        = true                                 {lp64_product} {ergonomic}
     bool UseG1GC                                  = true                                      {product} {ergonomic}
     bool UseLargePagesIndividualAllocation        = false                                  {pd product} {ergonomic}

Logging:
Log output configuration:
 #0: stdout all=warning uptime,level,tags
 #1: stderr all=off uptime,level,tags

Environment Variables:
PATH=C:\Program Files (x86)\Common Files\Oracle\Java\javapath;C:\Program Files\Microsoft\jdk-11.0.16.101-hotspot\bin;C:\Program Files\Eclipse Foundation\jdk-8.0.302.8-hotspot\bin;C:\WINDOWS\system32;C:\WINDOWS;C:\WINDOWS\System32\Wbem;C:\WINDOWS\System32\WindowsPowerShell\v1.0\;C:\WINDOWS\System32\OpenSSH\;C:\Program Files\dotnet\;C:\Program Files\MATLAB\R2020b\bin;C:\Program Files\Calibre2\;C:\Program Files\Microsoft SQL Server\130\Tools\Binn\;C:\Program Files\Git\cmd;C:\Program Files\MySQL\MySQL Shell 8.0\bin\;C:\Users\edoardo\AppData\Local\Programs\Python\Python39\Scripts\;C:\Users\edoardo\AppData\Local\Programs\Python\Python39\;C:\Users\edoardo\AppData\Local\Microsoft\WindowsApps; C:\src\flutter\bin;C:\Users\edoardo\.dotnet\tools;C:\Users\edoardo\AppData\Local\Microsoft\WindowsApps;C:\Users\edoardo\AppData\Local\Google\Cloud SDK\google-cloud-sdk\bin;C:\Users\edoardo\AppData\Local\Programs\Microsoft VS Code\bin
USERNAME=emanuele
OS=Windows_NT
PROCESSOR_IDENTIFIER=Intel64 Family 6 Model 142 Stepping 12, GenuineIntel
TMP=C:\Users\edoardo\AppData\Local\Temp
TEMP=C:\Users\edoardo\AppData\Local\Temp



---------------  S Y S T E M  ---------------

OS: Windows 10 , 64 bit Build 19041 (10.0.19041.3393)
OS uptime: 0 days 0:59 hours
Hyper-V role detected

CPU:total 8 (initial active 8) (4 cores per cpu, 2 threads per core) family 6 model 142 stepping 12 microcode 0xec, cmov, cx8, fxsr, mmx, sse, sse2, sse3, ssse3, sse4.1, sse4.2, popcnt, avx, avx2, aes, clmul, erms, 3dnowpref, lzcnt, ht, tsc, tscinvbit, bmi1, bmi2, adx, fma

Memory: 4k page, system-wide physical 7966M (953M free)
TotalPageFile size 11966M (AvailPageFile size 5M)
current process WorkingSet (physical memory assigned to process): 17M, peak: 17M
current process commit charge ("private bytes"): 20M, peak: 21M

vm_info: OpenJDK 64-Bit Server VM (11.0.16.1+1-LTS) for windows-amd64 JRE (11.0.16.1+1-LTS), built on Aug 20 2022 20:09:04 by "" with MS VC++ 15.9 (VS2017)

END.
