#
# There is insufficient memory for the Java Runtime Environment to continue.
# Native memory allocation (mmap) failed to map 89128960 bytes for Failed to commit area from 0x00000000cf800000 to 0x00000000d4d00000 of length 89128960.
# Possible reasons:
#   The system is out of physical RAM or swap space
#   The process is running with CompressedOops enabled, and the Java Heap may be blocking the growth of the native heap
# Possible solutions:
#   Reduce memory load on the system
#   Increase physical memory or swap space
#   Check if swap backing store is full
#   Decrease Java heap size (-Xmx/-Xms)
#   Decrease number of Java threads
#   Decrease Java thread stack sizes (-Xss)
#   Set larger code cache with -XX:ReservedCodeCacheSize=
#   JVM is running with Unscaled Compressed Oops mode in which the Java heap is
#     placed in the first 4GB address space. The Java Heap base address is the
#     maximum limit for the native heap growth. Please use -XX:HeapBaseMinAddress
#     to set the Java Heap base and to place the Java Heap above 4GB virtual address.
# This output file may be truncated or incomplete.
#
#  Out of Memory Error (./src/hotspot/os/windows/os_windows.cpp:3386), pid=14844, tid=13836
#
# JRE version: OpenJDK Runtime Environment Microsoft-40648 (11.0.16.1+1) (build 11.0.16.1+1-LTS)
# Java VM: OpenJDK 64-Bit Server VM Microsoft-40648 (11.0.16.1+1-LTS, mixed mode, tiered, compressed oops, g1 gc, windows-amd64)
# No core dump will be written. Minidumps are not enabled by default on client versions of Windows
#

---------------  S U M M A R Y ------------

Command Line: -Xmx1G -agentpath:C:\Program Files\SentinelOne\Sentinel Agent 23.1.4.650\SentinelJava64.dll com.android.tools.r8.D8 --debug --min-api 21 --output obj\Debug\130\android\bin\ --lib C:\Program Files (x86)\Android\android-sdk\platforms\android-33\android.jar obj\Debug\130\android\bin\classes.zip C:\Program Files\Microsoft Visual Studio\2022\Community\Common7\IDE\ReferenceAssemblies\Microsoft\Framework\MonoAndroid\v13.0\mono.android.jar C:\Program Files\Microsoft Visual Studio\2022\Community\MSBuild\Xamarin\Android\java_runtime_fastdev.jar C:\Users\edoardo\.nuget\packages\xamarin.google.guava.listenablefuture\1.0.0.2\buildTransitive\monoandroid50\guava-listenablefuture.jar C:\Users\edoardo\.nuget\packages\xamarin.androidx.annotation\1.2.0.1\buildTransitive\monoandroid90\..\..\jar\androidx.annotation.annotation.jar C:\Users\edoardo\.nuget\packages\xamarin.androidx.collection\1.1.0.8\buildTransitive\monoandroid90\..\..\jar\androidx.collection.collection.jar C:\Users\edoardo\.nuget\packages\xamarin.androidx.lifecycle.common\2.3.1.1\buildTransitive\monoandroid90\..\..\jar\androidx.lifecycle.lifecycle-common.jar C:\Users\edoardo\.nuget\packages\xamarin.androidx.arch.core.common\2.1.0.9\buildTransitive\monoandroid90\..\..\jar\androidx.arch.core.core-common.jar C:\Users\edoardo\.nuget\packages\xamarin.androidx.constraintlayout.core\1.0.0\buildTransitive\monoandroid90\..\..\jar\androidx.constraintlayout.constraintlayout-core.jar C:\Users\edoardo\.nuget\packages\xamarin.androidx.concurrent.futures\1.1.0.3\buildTransitive\monoandroid90\..\..\jar\androidx.concurrent.concurrent-futures.jar obj\Debug\130\lp\0\jl\formsviewgroup.jar obj\Debug\130\lp\100\jl\classes.jar obj\Debug\130\lp\101\jl\classes.jar obj\Debug\130\lp\103\jl\classes.jar obj\Debug\130\lp\58\jl\classes.jar obj\Debug\130\lp\59\jl\classes.jar obj\Debug\130\lp\60\jl\classes.jar obj\Debug\130\lp\61\jl\classes.jar obj\Debug\130\lp\62\jl\classes.jar obj\Debug\130\lp\63\jl\classes.jar obj\Debug\130\lp\64\jl\classes.jar obj\Debug\130\lp\65\jl\classes.jar obj\Debug\130\lp\66\jl\classes.jar obj\Debug\130\lp\67\jl\classes.jar obj\Debug\130\lp\68\jl\classes.jar obj\Debug\130\lp\69\jl\classes.jar obj\Debug\130\lp\70\jl\classes.jar obj\Debug\130\lp\71\jl\classes.jar obj\Debug\130\lp\72\jl\classes.jar obj\Debug\130\lp\73\jl\classes.jar obj\Debug\130\lp\74\jl\classes.jar obj\Debug\130\lp\75\jl\classes.jar obj\Debug\130\lp\76\jl\classes.jar obj\Debug\130\lp\77\jl\classes.jar obj\Debug\130\lp\78\jl\classes.jar obj\Debug\130\lp\79\jl\classes.jar obj\Debug\130\lp\80\jl\classes.jar obj\Debug\130\lp\81\jl\classes.jar obj\Debug\130\lp\82\jl\classes.jar obj\Debug\130\lp\83\jl\classes.jar obj\Debug\130\lp\84\jl\classes.jar obj\Debug\130\lp\85\jl\classes.jar obj\Debug\130\lp\86\jl\classes.jar obj\Debug\130\lp\87\jl\classes.jar obj\Debug\130\lp\88\jl\classes.jar obj\Debug\130\lp\89\jl\classes.jar obj\Debug\130\lp\90\jl\classes.jar obj\Debug\130\lp\91\jl\classes.jar obj\Debug\130\lp\92\jl\classes.jar obj\Debug\130\lp\93\jl\classes.jar obj\Debug\130\lp\94\jl\classes.jar obj\Debug\130\lp\95\jl\classes.jar obj\Debug\130\lp\96\jl\classes.jar obj\Debug\130\lp\97\jl\classes.jar obj\Debug\130\lp\98\jl\classes.jar obj\Debug\130\lp\99\jl\classes.jar

Host: Intel(R) Core(TM) i5-8265U CPU @ 1.60GHz, 8 cores, 7G,  Windows 10 , 64 bit Build 19041 (10.0.19041.3393)
Time: Mon Sep 25 09:42:15 2023 ora legale Europa occidentale elapsed time: 8.011938 seconds (0d 0h 0m 8s)

---------------  T H R E A D  ---------------

Current thread (0x0000025ea7ce9800):  VMThread "VM Thread" [stack: 0x0000009abf000000,0x0000009abf100000] [id=13836]

Stack: [0x0000009abf000000,0x0000009abf100000]
[error occurred during error reporting (printing stack bounds), id 0xc0000005, EXCEPTION_ACCESS_VIOLATION (0xc0000005) at pc=0x0000025e9394112d]

Native frames: (J=compiled Java code, j=interpreted, Vv=VM code, C=native code)
V  [jvm.dll+0x62652a]
V  [jvm.dll+0x7b3249]
V  [jvm.dll+0x7b4938]
V  [jvm.dll+0x7b4f75]
V  [jvm.dll+0x7b4f2b]
V  [jvm.dll+0x6258b7]
V  [jvm.dll+0x625fc8]
C  [ntdll.dll+0xa221f]
C  [ntdll.dll+0x514b4]
C  [ntdll.dll+0xa0d2e]
C  0x0000025e9394112d

VM_Operation (0x0000009abfbfd640): G1CollectForAllocation, mode: safepoint, requested by thread 0x0000025ea94dd000


---------------  P R O C E S S  ---------------

Threads class SMR info:
_java_thread_list=0x0000025ea9068f00, length=16, elements={
0x0000025e8b22e800, 0x0000025ea7cec000, 0x0000025ea7ced800, 0x0000025ea8503800,
0x0000025ea8505000, 0x0000025ea8506000, 0x0000025ea8507000, 0x0000025ea8558800,
0x0000025ea8572000, 0x0000025ea86c2800, 0x0000025ea94dd000, 0x0000025ea95d0800,
0x0000025ea95d1800, 0x0000025ea8f03000, 0x0000025ea9733000, 0x0000025ea906d800
}

Java Threads: ( => current thread )
  0x0000025e8b22e800 JavaThread "main" [_thread_blocked, id=16924, stack(0x0000009abea00000,0x0000009abeb00000)]
  0x0000025ea7cec000 JavaThread "Reference Handler" daemon [_thread_blocked, id=12348, stack(0x0000009abf100000,0x0000009abf200000)]
  0x0000025ea7ced800 JavaThread "Finalizer" daemon [_thread_blocked, id=11980, stack(0x0000009abf200000,0x0000009abf300000)]
  0x0000025ea8503800 JavaThread "Signal Dispatcher" daemon [_thread_blocked, id=15724, stack(0x0000009abf300000,0x0000009abf400000)]
  0x0000025ea8505000 JavaThread "Attach Listener" daemon [_thread_blocked, id=11992, stack(0x0000009abf400000,0x0000009abf500000)]
  0x0000025ea8506000 JavaThread "Service Thread" daemon [_thread_blocked, id=13932, stack(0x0000009abf500000,0x0000009abf600000)]
  0x0000025ea8507000 JavaThread "C2 CompilerThread0" daemon [_thread_blocked, id=14324, stack(0x0000009abf600000,0x0000009abf700000)]
  0x0000025ea8558800 JavaThread "C1 CompilerThread0" daemon [_thread_blocked, id=14028, stack(0x0000009abf700000,0x0000009abf800000)]
  0x0000025ea8572000 JavaThread "Sweeper thread" daemon [_thread_blocked, id=16032, stack(0x0000009abf800000,0x0000009abf900000)]
  0x0000025ea86c2800 JavaThread "Common-Cleaner" daemon [_thread_blocked, id=7664, stack(0x0000009abfa00000,0x0000009abfb00000)]
  0x0000025ea94dd000 JavaThread "ForkJoinPool-1-worker-3" daemon [_thread_blocked, id=3532, stack(0x0000009abfb00000,0x0000009abfc00000)]
  0x0000025ea95d0800 JavaThread "ForkJoinPool-1-worker-5" daemon [_thread_blocked, id=16352, stack(0x0000009abfc00000,0x0000009abfd00000)]
  0x0000025ea95d1800 JavaThread "ForkJoinPool-1-worker-7" daemon [_thread_blocked, id=11368, stack(0x0000009ac0100000,0x0000009ac0200000)]
  0x0000025ea8f03000 JavaThread "ForkJoinPool-1-worker-1" daemon [_thread_blocked, id=3092, stack(0x0000009ac0200000,0x0000009ac0300000)]
  0x0000025ea9733000 JavaThread "C2 CompilerThread1" daemon [_thread_blocked, id=3796, stack(0x0000009ac0300000,0x0000009ac0400000)]
  0x0000025ea906d800 JavaThread "C2 CompilerThread2" daemon [_thread_in_native, id=16840, stack(0x0000009ac0400000,0x0000009ac0500000)]

Other Threads:
=>0x0000025ea7ce9800 VMThread "VM Thread" [stack: 0x0000009abf000000,0x0000009abf100000] [id=13836]
  0x0000025ea86c9800 WatcherThread [stack: 0x0000009abf900000,0x0000009abfa00000] [id=5204]
  0x0000025e8b241000 GCTaskThread "GC Thread#0" [stack: 0x0000009abeb00000,0x0000009abec00000] [id=15148]
  0x0000025ea9d63800 GCTaskThread "GC Thread#1" [stack: 0x0000009abfd00000,0x0000009abfe00000] [id=4744]
  0x0000025eaa1de000 GCTaskThread "GC Thread#2" [stack: 0x0000009abfe00000,0x0000009abff00000] [id=7204]
  0x0000025eaa684000 GCTaskThread "GC Thread#3" [stack: 0x0000009ac0800000,0x0000009ac0900000] [id=9444]
  0x0000025eabc2a800 GCTaskThread "GC Thread#4" [stack: 0x0000009ac0900000,0x0000009ac0a00000] [id=2392]
  0x0000025e8b262800 ConcurrentGCThread "G1 Main Marker" [stack: 0x0000009abec00000,0x0000009abed00000] [id=3712]
  0x0000025e8b265000 ConcurrentGCThread "G1 Conc#0" [stack: 0x0000009abed00000,0x0000009abee00000] [id=4684]
  0x0000025e8b2be800 ConcurrentGCThread "G1 Refine#0" [stack: 0x0000009abee00000,0x0000009abef00000] [id=13800]
  0x0000025ea9589000 ConcurrentGCThread "G1 Refine#1" [stack: 0x0000009abff00000,0x0000009ac0000000] [id=3616]
  0x0000025ea88c4800 ConcurrentGCThread "G1 Refine#2" [stack: 0x0000009ac0000000,0x0000009ac0100000] [id=5136]
  0x0000025ea9e2f800 ConcurrentGCThread "G1 Refine#3" [stack: 0x0000009ac0500000,0x0000009ac0600000] [id=9716]
  0x0000025ea8ad7800 ConcurrentGCThread "G1 Refine#4" [stack: 0x0000009ac0600000,0x0000009ac0700000] [id=3012]
  0x0000025ea9afd000 ConcurrentGCThread "G1 Refine#5" [stack: 0x0000009ac0700000,0x0000009ac0800000] [id=16612]
  0x0000025ea7b2a000 ConcurrentGCThread "G1 Young RemSet Sampling" [stack: 0x0000009abef00000,0x0000009abf000000] [id=17328]

Threads with active compile tasks:
C2 CompilerThread0     8073 2430       4       com.android.tools.r8.internal.Pa::a (177 bytes)
C2 CompilerThread1     8073 2472       4       com.android.tools.r8.graph.v2::a (122 bytes)
C2 CompilerThread2     8073 2149 %     4       com.android.tools.r8.internal.Pa::a @ 2683 (6176 bytes)

VM state:at safepoint (normal execution)

VM Mutex/Monitor currently owned by a thread:  ([mutex/lock_event])
[0x0000025e8b221710] Threads_lock - owner thread: 0x0000025ea7ce9800
[0x0000025e8891aa70] Heap_lock - owner thread: 0x0000025ea94dd000

Heap address: 0x00000000c0000000, size: 1024 MB, Compressed Oops mode: 32-bit
Narrow klass base: 0x0000000000000000, Narrow klass shift: 3
Compressed class space size: 1073741824 Address: 0x0000000100000000

Heap:
 garbage-first heap   total 340992K, used 133120K [0x00000000c0000000, 0x0000000100000000)
  region size 1024K, 10 young (10240K), 10 survivors (10240K)
 Metaspace       used 17001K, capacity 17346K, committed 17664K, reserved 1064960K
  class space    used 1744K, capacity 1921K, committed 2048K, reserved 1048576K
Heap Regions: E=young(eden), S=young(survivor), O=old, HS=humongous(starts), HC=humongous(continues), CS=collection set, F=free, A=archive, TAMS=top-at-mark-start (previous, next)
|   0|0x00000000c0000000, 0x00000000c0100000, 0x00000000c0100000|100%| O|  |TAMS 0x00000000c0000000, 0x00000000c0000000| Untracked 
|   1|0x00000000c0100000, 0x00000000c0200000, 0x00000000c0200000|100%| O|  |TAMS 0x00000000c0100000, 0x00000000c0100000| Untracked 
|   2|0x00000000c0200000, 0x00000000c0300000, 0x00000000c0300000|100%| O|  |TAMS 0x00000000c0200000, 0x00000000c0200000| Untracked 
|   3|0x00000000c0300000, 0x00000000c0400000, 0x00000000c0400000|100%| O|  |TAMS 0x00000000c0300000, 0x00000000c0300000| Untracked 
|   4|0x00000000c0400000, 0x00000000c0500000, 0x00000000c0500000|100%| O|  |TAMS 0x00000000c0400000, 0x00000000c0400000| Untracked 
|   5|0x00000000c0500000, 0x00000000c0600000, 0x00000000c0600000|100%| O|  |TAMS 0x00000000c0500000, 0x00000000c0500000| Untracked 
|   6|0x00000000c0600000, 0x00000000c0700000, 0x00000000c0700000|100%|HS|  |TAMS 0x00000000c0600000, 0x00000000c0600000| Complete 
|   7|0x00000000c0700000, 0x00000000c0800000, 0x00000000c0800000|100%|HC|  |TAMS 0x00000000c0700000, 0x00000000c0700000| Complete 
|   8|0x00000000c0800000, 0x00000000c0900000, 0x00000000c0900000|100%| O|  |TAMS 0x00000000c0800000, 0x00000000c0800000| Untracked 
|   9|0x00000000c0900000, 0x00000000c0a00000, 0x00000000c0a00000|100%| O|  |TAMS 0x00000000c0900000, 0x00000000c0900000| Untracked 
|  10|0x00000000c0a00000, 0x00000000c0b00000, 0x00000000c0b00000|100%| O|  |TAMS 0x00000000c0a00000, 0x00000000c0a00000| Untracked 
|  11|0x00000000c0b00000, 0x00000000c0c00000, 0x00000000c0c00000|100%| O|  |TAMS 0x00000000c0b00000, 0x00000000c0b00000| Untracked 
|  12|0x00000000c0c00000, 0x00000000c0d00000, 0x00000000c0d00000|100%| O|  |TAMS 0x00000000c0c00000, 0x00000000c0c00000| Untracked 
|  13|0x00000000c0d00000, 0x00000000c0e00000, 0x00000000c0e00000|100%| O|  |TAMS 0x00000000c0d00000, 0x00000000c0d00000| Untracked 
|  14|0x00000000c0e00000, 0x00000000c0f00000, 0x00000000c0f00000|100%| O|  |TAMS 0x00000000c0e00000, 0x00000000c0e00000| Untracked 
|  15|0x00000000c0f00000, 0x00000000c1000000, 0x00000000c1000000|100%| O|  |TAMS 0x00000000c0f00000, 0x00000000c0f00000| Untracked 
|  16|0x00000000c1000000, 0x00000000c1100000, 0x00000000c1100000|100%| O|  |TAMS 0x00000000c1000000, 0x00000000c1000000| Untracked 
|  17|0x00000000c1100000, 0x00000000c1200000, 0x00000000c1200000|100%| O|  |TAMS 0x00000000c1100000, 0x00000000c1100000| Untracked 
|  18|0x00000000c1200000, 0x00000000c1300000, 0x00000000c1300000|100%| O|  |TAMS 0x00000000c1200000, 0x00000000c1200000| Untracked 
|  19|0x00000000c1300000, 0x00000000c1400000, 0x00000000c1400000|100%| O|  |TAMS 0x00000000c1300000, 0x00000000c1300000| Untracked 
|  20|0x00000000c1400000, 0x00000000c1500000, 0x00000000c1500000|100%| O|  |TAMS 0x00000000c1400000, 0x00000000c1400000| Untracked 
|  21|0x00000000c1500000, 0x00000000c1600000, 0x00000000c1600000|100%| O|  |TAMS 0x00000000c1500000, 0x00000000c1500000| Untracked 
|  22|0x00000000c1600000, 0x00000000c1700000, 0x00000000c1700000|100%| O|  |TAMS 0x00000000c1600000, 0x00000000c1600000| Untracked 
|  23|0x00000000c1700000, 0x00000000c1800000, 0x00000000c1800000|100%| O|  |TAMS 0x00000000c1700000, 0x00000000c1700000| Untracked 
|  24|0x00000000c1800000, 0x00000000c1900000, 0x00000000c1900000|100%| O|  |TAMS 0x00000000c1800000, 0x00000000c1800000| Untracked 
|  25|0x00000000c1900000, 0x00000000c1a00000, 0x00000000c1a00000|100%| O|  |TAMS 0x00000000c1900000, 0x00000000c1900000| Untracked 
|  26|0x00000000c1a00000, 0x00000000c1b00000, 0x00000000c1b00000|100%| O|  |TAMS 0x00000000c1a00000, 0x00000000c1a00000| Untracked 
|  27|0x00000000c1b00000, 0x00000000c1c00000, 0x00000000c1c00000|100%| O|  |TAMS 0x00000000c1b00000, 0x00000000c1b00000| Untracked 
|  28|0x00000000c1c00000, 0x00000000c1d00000, 0x00000000c1d00000|100%| O|  |TAMS 0x00000000c1c00000, 0x00000000c1c00000| Untracked 
|  29|0x00000000c1d00000, 0x00000000c1e00000, 0x00000000c1e00000|100%| O|  |TAMS 0x00000000c1d00000, 0x00000000c1d00000| Untracked 
|  30|0x00000000c1e00000, 0x00000000c1f00000, 0x00000000c1f00000|100%| O|  |TAMS 0x00000000c1e00000, 0x00000000c1e00000| Untracked 
|  31|0x00000000c1f00000, 0x00000000c2000000, 0x00000000c2000000|100%| O|  |TAMS 0x00000000c1f00000, 0x00000000c1f00000| Untracked 
|  32|0x00000000c2000000, 0x00000000c2100000, 0x00000000c2100000|100%| O|  |TAMS 0x00000000c2000000, 0x00000000c2000000| Untracked 
|  33|0x00000000c2100000, 0x00000000c2200000, 0x00000000c2200000|100%| O|  |TAMS 0x00000000c2100000, 0x00000000c2100000| Untracked 
|  34|0x00000000c2200000, 0x00000000c2300000, 0x00000000c2300000|100%| O|  |TAMS 0x00000000c2200000, 0x00000000c2200000| Untracked 
|  35|0x00000000c2300000, 0x00000000c2400000, 0x00000000c2400000|100%| O|  |TAMS 0x00000000c2300000, 0x00000000c2300000| Untracked 
|  36|0x00000000c2400000, 0x00000000c2500000, 0x00000000c2500000|100%| O|  |TAMS 0x00000000c2400000, 0x00000000c2400000| Untracked 
|  37|0x00000000c2500000, 0x00000000c2600000, 0x00000000c2600000|100%| O|  |TAMS 0x00000000c2500000, 0x00000000c2500000| Untracked 
|  38|0x00000000c2600000, 0x00000000c2700000, 0x00000000c2700000|100%| O|  |TAMS 0x00000000c2600000, 0x00000000c2600000| Untracked 
|  39|0x00000000c2700000, 0x00000000c2800000, 0x00000000c2800000|100%| O|  |TAMS 0x00000000c2700000, 0x00000000c2700000| Untracked 
|  40|0x00000000c2800000, 0x00000000c2900000, 0x00000000c2900000|100%| O|  |TAMS 0x00000000c2800000, 0x00000000c2800000| Untracked 
|  41|0x00000000c2900000, 0x00000000c2a00000, 0x00000000c2a00000|100%| O|  |TAMS 0x00000000c2900000, 0x00000000c2900000| Untracked 
|  42|0x00000000c2a00000, 0x00000000c2b00000, 0x00000000c2b00000|100%| O|  |TAMS 0x00000000c2a00000, 0x00000000c2a00000| Untracked 
|  43|0x00000000c2b00000, 0x00000000c2c00000, 0x00000000c2c00000|100%| O|  |TAMS 0x00000000c2b00000, 0x00000000c2b00000| Untracked 
|  44|0x00000000c2c00000, 0x00000000c2d00000, 0x00000000c2d00000|100%| O|  |TAMS 0x00000000c2c00000, 0x00000000c2c00000| Untracked 
|  45|0x00000000c2d00000, 0x00000000c2e00000, 0x00000000c2e00000|100%| O|  |TAMS 0x00000000c2d00000, 0x00000000c2d00000| Untracked 
|  46|0x00000000c2e00000, 0x00000000c2f00000, 0x00000000c2f00000|100%| O|  |TAMS 0x00000000c2e00000, 0x00000000c2e00000| Untracked 
|  47|0x00000000c2f00000, 0x00000000c3000000, 0x00000000c3000000|100%| O|  |TAMS 0x00000000c2f00000, 0x00000000c2f00000| Untracked 
|  48|0x00000000c3000000, 0x00000000c3100000, 0x00000000c3100000|100%| O|  |TAMS 0x00000000c3000000, 0x00000000c3000000| Untracked 
|  49|0x00000000c3100000, 0x00000000c3200000, 0x00000000c3200000|100%| O|  |TAMS 0x00000000c3100000, 0x00000000c3100000| Untracked 
|  50|0x00000000c3200000, 0x00000000c3300000, 0x00000000c3300000|100%| O|  |TAMS 0x00000000c3200000, 0x00000000c3200000| Untracked 
|  51|0x00000000c3300000, 0x00000000c3400000, 0x00000000c3400000|100%| O|  |TAMS 0x00000000c3300000, 0x00000000c3300000| Untracked 
|  52|0x00000000c3400000, 0x00000000c3500000, 0x00000000c3500000|100%| O|  |TAMS 0x00000000c3400000, 0x00000000c3400000| Untracked 
|  53|0x00000000c3500000, 0x00000000c3600000, 0x00000000c3600000|100%| O|  |TAMS 0x00000000c3500000, 0x00000000c3500000| Untracked 
|  54|0x00000000c3600000, 0x00000000c3700000, 0x00000000c3700000|100%| O|  |TAMS 0x00000000c3600000, 0x00000000c3600000| Untracked 
|  55|0x00000000c3700000, 0x00000000c3800000, 0x00000000c3800000|100%| O|  |TAMS 0x00000000c3700000, 0x00000000c3700000| Untracked 
|  56|0x00000000c3800000, 0x00000000c3900000, 0x00000000c3900000|100%| O|  |TAMS 0x00000000c3800000, 0x00000000c3800000| Untracked 
|  57|0x00000000c3900000, 0x00000000c3a00000, 0x00000000c3a00000|100%| O|  |TAMS 0x00000000c3900000, 0x00000000c3900000| Untracked 
|  58|0x00000000c3a00000, 0x00000000c3b00000, 0x00000000c3b00000|100%| O|  |TAMS 0x00000000c3a00000, 0x00000000c3a00000| Untracked 
|  59|0x00000000c3b00000, 0x00000000c3c00000, 0x00000000c3c00000|100%| O|  |TAMS 0x00000000c3b00000, 0x00000000c3b00000| Untracked 
|  60|0x00000000c3c00000, 0x00000000c3d00000, 0x00000000c3d00000|100%| O|  |TAMS 0x00000000c3c00000, 0x00000000c3c00000| Untracked 
|  61|0x00000000c3d00000, 0x00000000c3e00000, 0x00000000c3e00000|100%| O|  |TAMS 0x00000000c3d00000, 0x00000000c3d00000| Untracked 
|  62|0x00000000c3e00000, 0x00000000c3f00000, 0x00000000c3f00000|100%| O|  |TAMS 0x00000000c3e00000, 0x00000000c3e00000| Untracked 
|  63|0x00000000c3f00000, 0x00000000c4000000, 0x00000000c4000000|100%| O|  |TAMS 0x00000000c3f00000, 0x00000000c3f00000| Untracked 
|  64|0x00000000c4000000, 0x00000000c4100000, 0x00000000c4100000|100%| O|  |TAMS 0x00000000c4000000, 0x00000000c4000000| Untracked 
|  65|0x00000000c4100000, 0x00000000c4200000, 0x00000000c4200000|100%| O|  |TAMS 0x00000000c4100000, 0x00000000c4100000| Untracked 
|  66|0x00000000c4200000, 0x00000000c4300000, 0x00000000c4300000|100%| O|  |TAMS 0x00000000c4200000, 0x00000000c4200000| Untracked 
|  67|0x00000000c4300000, 0x00000000c4400000, 0x00000000c4400000|100%| O|  |TAMS 0x00000000c4300000, 0x00000000c4300000| Untracked 
|  68|0x00000000c4400000, 0x00000000c4500000, 0x00000000c4500000|100%| O|  |TAMS 0x00000000c4400000, 0x00000000c4400000| Untracked 
|  69|0x00000000c4500000, 0x00000000c4600000, 0x00000000c4600000|100%| O|  |TAMS 0x00000000c4500000, 0x00000000c4500000| Untracked 
|  70|0x00000000c4600000, 0x00000000c4700000, 0x00000000c4700000|100%| O|  |TAMS 0x00000000c4600000, 0x00000000c4600000| Untracked 
|  71|0x00000000c4700000, 0x00000000c4800000, 0x00000000c4800000|100%| O|  |TAMS 0x00000000c4700000, 0x00000000c4700000| Untracked 
|  72|0x00000000c4800000, 0x00000000c4900000, 0x00000000c4900000|100%| O|  |TAMS 0x00000000c4800000, 0x00000000c4800000| Untracked 
|  73|0x00000000c4900000, 0x00000000c4a00000, 0x00000000c4a00000|100%| O|  |TAMS 0x00000000c4900000, 0x00000000c4900000| Untracked 
|  74|0x00000000c4a00000, 0x00000000c4b00000, 0x00000000c4b00000|100%| O|  |TAMS 0x00000000c4a00000, 0x00000000c4a00000| Untracked 
|  75|0x00000000c4b00000, 0x00000000c4c00000, 0x00000000c4c00000|100%| O|  |TAMS 0x00000000c4b00000, 0x00000000c4b00000| Untracked 
|  76|0x00000000c4c00000, 0x00000000c4d00000, 0x00000000c4d00000|100%| O|  |TAMS 0x00000000c4c00000, 0x00000000c4c00000| Untracked 
|  77|0x00000000c4d00000, 0x00000000c4e00000, 0x00000000c4e00000|100%| O|  |TAMS 0x00000000c4d00000, 0x00000000c4d00000| Untracked 
|  78|0x00000000c4e00000, 0x00000000c4f00000, 0x00000000c4f00000|100%| O|  |TAMS 0x00000000c4e00000, 0x00000000c4e00000| Untracked 
|  79|0x00000000c4f00000, 0x00000000c5000000, 0x00000000c5000000|100%| O|  |TAMS 0x00000000c4f00000, 0x00000000c4f00000| Untracked 
|  80|0x00000000c5000000, 0x00000000c5100000, 0x00000000c5100000|100%| O|  |TAMS 0x00000000c5000000, 0x00000000c5000000| Untracked 
|  81|0x00000000c5100000, 0x00000000c5200000, 0x00000000c5200000|100%| O|  |TAMS 0x00000000c5100000, 0x00000000c5100000| Untracked 
|  82|0x00000000c5200000, 0x00000000c5300000, 0x00000000c5300000|100%| O|  |TAMS 0x00000000c5200000, 0x00000000c5200000| Untracked 
|  83|0x00000000c5300000, 0x00000000c5400000, 0x00000000c5400000|100%| O|  |TAMS 0x00000000c5300000, 0x00000000c5300000| Untracked 
|  84|0x00000000c5400000, 0x00000000c5500000, 0x00000000c5500000|100%| O|  |TAMS 0x00000000c5400000, 0x00000000c5400000| Untracked 
|  85|0x00000000c5500000, 0x00000000c5600000, 0x00000000c5600000|100%| O|  |TAMS 0x00000000c5500000, 0x00000000c5500000| Untracked 
|  86|0x00000000c5600000, 0x00000000c5700000, 0x00000000c5700000|100%| O|  |TAMS 0x00000000c5600000, 0x00000000c5600000| Untracked 
|  87|0x00000000c5700000, 0x00000000c5800000, 0x00000000c5800000|100%| O|  |TAMS 0x00000000c5700000, 0x00000000c5700000| Untracked 
|  88|0x00000000c5800000, 0x00000000c5900000, 0x00000000c5900000|100%| O|  |TAMS 0x00000000c5800000, 0x00000000c5800000| Untracked 
|  89|0x00000000c5900000, 0x00000000c5a00000, 0x00000000c5a00000|100%| O|  |TAMS 0x00000000c5900000, 0x00000000c5900000| Untracked 
|  90|0x00000000c5a00000, 0x00000000c5b00000, 0x00000000c5b00000|100%| O|  |TAMS 0x00000000c5a00000, 0x00000000c5a00000| Untracked 
|  91|0x00000000c5b00000, 0x00000000c5c00000, 0x00000000c5c00000|100%| O|  |TAMS 0x00000000c5b00000, 0x00000000c5b00000| Untracked 
|  92|0x00000000c5c00000, 0x00000000c5d00000, 0x00000000c5d00000|100%| O|  |TAMS 0x00000000c5c00000, 0x00000000c5c00000| Untracked 
|  93|0x00000000c5d00000, 0x00000000c5e00000, 0x00000000c5e00000|100%| O|  |TAMS 0x00000000c5d00000, 0x00000000c5d00000| Untracked 
|  94|0x00000000c5e00000, 0x00000000c5f00000, 0x00000000c5f00000|100%| O|  |TAMS 0x00000000c5e00000, 0x00000000c5e00000| Untracked 
|  95|0x00000000c5f00000, 0x00000000c6000000, 0x00000000c6000000|100%| O|  |TAMS 0x00000000c5f00000, 0x00000000c5f00000| Untracked 
|  96|0x00000000c6000000, 0x00000000c6100000, 0x00000000c6100000|100%| O|  |TAMS 0x00000000c6000000, 0x00000000c6000000| Untracked 
|  97|0x00000000c6100000, 0x00000000c6200000, 0x00000000c6200000|100%| O|  |TAMS 0x00000000c6100000, 0x00000000c6100000| Untracked 
|  98|0x00000000c6200000, 0x00000000c6300000, 0x00000000c6300000|100%| O|  |TAMS 0x00000000c6200000, 0x00000000c6200000| Untracked 
|  99|0x00000000c6300000, 0x00000000c6400000, 0x00000000c6400000|100%| O|  |TAMS 0x00000000c6300000, 0x00000000c6300000| Untracked 
| 100|0x00000000c6400000, 0x00000000c6500000, 0x00000000c6500000|100%| O|  |TAMS 0x00000000c6400000, 0x00000000c6400000| Untracked 
| 101|0x00000000c6500000, 0x00000000c6600000, 0x00000000c6600000|100%| O|  |TAMS 0x00000000c6500000, 0x00000000c6500000| Untracked 
| 102|0x00000000c6600000, 0x00000000c6700000, 0x00000000c6700000|100%| O|  |TAMS 0x00000000c6600000, 0x00000000c6600000| Untracked 
| 103|0x00000000c6700000, 0x00000000c6800000, 0x00000000c6800000|100%| O|  |TAMS 0x00000000c6700000, 0x00000000c6700000| Untracked 
| 104|0x00000000c6800000, 0x00000000c6900000, 0x00000000c6900000|100%| O|  |TAMS 0x00000000c6800000, 0x00000000c6800000| Untracked 
| 105|0x00000000c6900000, 0x00000000c6a00000, 0x00000000c6a00000|100%| O|  |TAMS 0x00000000c6900000, 0x00000000c6900000| Untracked 
| 106|0x00000000c6a00000, 0x00000000c6b00000, 0x00000000c6b00000|100%| O|  |TAMS 0x00000000c6a00000, 0x00000000c6a00000| Untracked 
| 107|0x00000000c6b00000, 0x00000000c6c00000, 0x00000000c6c00000|100%|HS|  |TAMS 0x00000000c6b00000, 0x00000000c6b00000| Complete 
| 108|0x00000000c6c00000, 0x00000000c6d00000, 0x00000000c6d00000|100%| O|  |TAMS 0x00000000c6c00000, 0x00000000c6c00000| Untracked 
| 109|0x00000000c6d00000, 0x00000000c6e00000, 0x00000000c6e00000|100%| O|  |TAMS 0x00000000c6d00000, 0x00000000c6d00000| Untracked 
| 110|0x00000000c6e00000, 0x00000000c6f00000, 0x00000000c6f00000|100%| O|  |TAMS 0x00000000c6e00000, 0x00000000c6e00000| Untracked 
| 111|0x00000000c6f00000, 0x00000000c7000000, 0x00000000c7000000|100%| O|  |TAMS 0x00000000c6f00000, 0x00000000c6f00000| Untracked 
| 112|0x00000000c7000000, 0x00000000c7100000, 0x00000000c7100000|100%| O|  |TAMS 0x00000000c7000000, 0x00000000c7000000| Untracked 
| 113|0x00000000c7100000, 0x00000000c7200000, 0x00000000c7200000|100%| O|  |TAMS 0x00000000c7100000, 0x00000000c7100000| Untracked 
| 114|0x00000000c7200000, 0x00000000c7300000, 0x00000000c7300000|100%| O|  |TAMS 0x00000000c7200000, 0x00000000c7200000| Untracked 
| 115|0x00000000c7300000, 0x00000000c7400000, 0x00000000c7400000|100%| O|  |TAMS 0x00000000c7300000, 0x00000000c7300000| Untracked 
| 116|0x00000000c7400000, 0x00000000c7500000, 0x00000000c7500000|100%| O|  |TAMS 0x00000000c7400000, 0x00000000c7400000| Untracked 
| 117|0x00000000c7500000, 0x00000000c7600000, 0x00000000c7600000|100%| O|  |TAMS 0x00000000c7500000, 0x00000000c7500000| Untracked 
| 118|0x00000000c7600000, 0x00000000c7700000, 0x00000000c7700000|100%| O|  |TAMS 0x00000000c7600000, 0x00000000c7600000| Untracked 
| 119|0x00000000c7700000, 0x00000000c7800000, 0x00000000c7800000|100%| O|  |TAMS 0x00000000c7700000, 0x00000000c7700000| Untracked 
| 120|0x00000000c7800000, 0x00000000c7800000, 0x00000000c7900000|  0%| F|  |TAMS 0x00000000c7800000, 0x00000000c7800000| Untracked 
| 121|0x00000000c7900000, 0x00000000c7900000, 0x00000000c7a00000|  0%| F|  |TAMS 0x00000000c7900000, 0x00000000c7900000| Untracked 
| 122|0x00000000c7a00000, 0x00000000c7a00000, 0x00000000c7b00000|  0%| F|  |TAMS 0x00000000c7a00000, 0x00000000c7a00000| Untracked 
| 123|0x00000000c7b00000, 0x00000000c7b00000, 0x00000000c7c00000|  0%| F|  |TAMS 0x00000000c7b00000, 0x00000000c7b00000| Untracked 
| 124|0x00000000c7c00000, 0x00000000c7c00000, 0x00000000c7d00000|  0%| F|  |TAMS 0x00000000c7c00000, 0x00000000c7c00000| Untracked 
| 125|0x00000000c7d00000, 0x00000000c7d00000, 0x00000000c7e00000|  0%| F|  |TAMS 0x00000000c7d00000, 0x00000000c7d00000| Untracked 
| 126|0x00000000c7e00000, 0x00000000c7e00000, 0x00000000c7f00000|  0%| F|  |TAMS 0x00000000c7e00000, 0x00000000c7e00000| Untracked 
| 127|0x00000000c7f00000, 0x00000000c7f00000, 0x00000000c8000000|  0%| F|  |TAMS 0x00000000c7f00000, 0x00000000c7f00000| Untracked 
| 128|0x00000000c8000000, 0x00000000c8000000, 0x00000000c8100000|  0%| F|  |TAMS 0x00000000c8000000, 0x00000000c8000000| Untracked 
| 129|0x00000000c8100000, 0x00000000c8100000, 0x00000000c8200000|  0%| F|  |TAMS 0x00000000c8100000, 0x00000000c8100000| Untracked 
| 130|0x00000000c8200000, 0x00000000c8200000, 0x00000000c8300000|  0%| F|  |TAMS 0x00000000c8200000, 0x00000000c8200000| Untracked 
| 131|0x00000000c8300000, 0x00000000c8300000, 0x00000000c8400000|  0%| F|  |TAMS 0x00000000c8300000, 0x00000000c8300000| Untracked 
| 132|0x00000000c8400000, 0x00000000c8400000, 0x00000000c8500000|  0%| F|  |TAMS 0x00000000c8400000, 0x00000000c8400000| Untracked 
| 133|0x00000000c8500000, 0x00000000c8500000, 0x00000000c8600000|  0%| F|  |TAMS 0x00000000c8500000, 0x00000000c8500000| Untracked 
| 134|0x00000000c8600000, 0x00000000c8600000, 0x00000000c8700000|  0%| F|  |TAMS 0x00000000c8600000, 0x00000000c8600000| Untracked 
| 135|0x00000000c8700000, 0x00000000c8700000, 0x00000000c8800000|  0%| F|  |TAMS 0x00000000c8700000, 0x00000000c8700000| Untracked 
| 136|0x00000000c8800000, 0x00000000c8800000, 0x00000000c8900000|  0%| F|  |TAMS 0x00000000c8800000, 0x00000000c8800000| Untracked 
| 137|0x00000000c8900000, 0x00000000c8900000, 0x00000000c8a00000|  0%| F|  |TAMS 0x00000000c8900000, 0x00000000c8900000| Untracked 
| 138|0x00000000c8a00000, 0x00000000c8a00000, 0x00000000c8b00000|  0%| F|  |TAMS 0x00000000c8a00000, 0x00000000c8a00000| Untracked 
| 139|0x00000000c8b00000, 0x00000000c8b00000, 0x00000000c8c00000|  0%| F|  |TAMS 0x00000000c8b00000, 0x00000000c8b00000| Untracked 
| 140|0x00000000c8c00000, 0x00000000c8c00000, 0x00000000c8d00000|  0%| F|  |TAMS 0x00000000c8c00000, 0x00000000c8c00000| Untracked 
| 141|0x00000000c8d00000, 0x00000000c8d00000, 0x00000000c8e00000|  0%| F|  |TAMS 0x00000000c8d00000, 0x00000000c8d00000| Untracked 
| 142|0x00000000c8e00000, 0x00000000c8e00000, 0x00000000c8f00000|  0%| F|  |TAMS 0x00000000c8e00000, 0x00000000c8e00000| Untracked 
| 143|0x00000000c8f00000, 0x00000000c8f00000, 0x00000000c9000000|  0%| F|  |TAMS 0x00000000c8f00000, 0x00000000c8f00000| Untracked 
| 144|0x00000000c9000000, 0x00000000c9000000, 0x00000000c9100000|  0%| F|  |TAMS 0x00000000c9000000, 0x00000000c9000000| Untracked 
| 145|0x00000000c9100000, 0x00000000c9100000, 0x00000000c9200000|  0%| F|  |TAMS 0x00000000c9100000, 0x00000000c9100000| Untracked 
| 146|0x00000000c9200000, 0x00000000c9200000, 0x00000000c9300000|  0%| F|  |TAMS 0x00000000c9200000, 0x00000000c9200000| Untracked 
| 147|0x00000000c9300000, 0x00000000c9300000, 0x00000000c9400000|  0%| F|  |TAMS 0x00000000c9300000, 0x00000000c9300000| Untracked 
| 148|0x00000000c9400000, 0x00000000c9400000, 0x00000000c9500000|  0%| F|  |TAMS 0x00000000c9400000, 0x00000000c9400000| Untracked 
| 149|0x00000000c9500000, 0x00000000c9500000, 0x00000000c9600000|  0%| F|  |TAMS 0x00000000c9500000, 0x00000000c9500000| Untracked 
| 150|0x00000000c9600000, 0x00000000c9600000, 0x00000000c9700000|  0%| F|  |TAMS 0x00000000c9600000, 0x00000000c9600000| Untracked 
| 151|0x00000000c9700000, 0x00000000c9700000, 0x00000000c9800000|  0%| F|  |TAMS 0x00000000c9700000, 0x00000000c9700000| Untracked 
| 152|0x00000000c9800000, 0x00000000c9800000, 0x00000000c9900000|  0%| F|  |TAMS 0x00000000c9800000, 0x00000000c9800000| Untracked 
| 153|0x00000000c9900000, 0x00000000c9900000, 0x00000000c9a00000|  0%| F|  |TAMS 0x00000000c9900000, 0x00000000c9900000| Untracked 
| 154|0x00000000c9a00000, 0x00000000c9a00000, 0x00000000c9b00000|  0%| F|  |TAMS 0x00000000c9a00000, 0x00000000c9a00000| Untracked 
| 155|0x00000000c9b00000, 0x00000000c9b00000, 0x00000000c9c00000|  0%| F|  |TAMS 0x00000000c9b00000, 0x00000000c9b00000| Untracked 
| 156|0x00000000c9c00000, 0x00000000c9c00000, 0x00000000c9d00000|  0%| F|  |TAMS 0x00000000c9c00000, 0x00000000c9c00000| Untracked 
| 157|0x00000000c9d00000, 0x00000000c9d00000, 0x00000000c9e00000|  0%| F|  |TAMS 0x00000000c9d00000, 0x00000000c9d00000| Untracked 
| 158|0x00000000c9e00000, 0x00000000c9e00000, 0x00000000c9f00000|  0%| F|  |TAMS 0x00000000c9e00000, 0x00000000c9e00000| Untracked 
| 159|0x00000000c9f00000, 0x00000000c9f00000, 0x00000000ca000000|  0%| F|  |TAMS 0x00000000c9f00000, 0x00000000c9f00000| Untracked 
| 160|0x00000000ca000000, 0x00000000ca000000, 0x00000000ca100000|  0%| F|  |TAMS 0x00000000ca000000, 0x00000000ca000000| Untracked 
| 161|0x00000000ca100000, 0x00000000ca100000, 0x00000000ca200000|  0%| F|  |TAMS 0x00000000ca100000, 0x00000000ca100000| Untracked 
| 162|0x00000000ca200000, 0x00000000ca200000, 0x00000000ca300000|  0%| F|  |TAMS 0x00000000ca200000, 0x00000000ca200000| Untracked 
| 163|0x00000000ca300000, 0x00000000ca300000, 0x00000000ca400000|  0%| F|  |TAMS 0x00000000ca300000, 0x00000000ca300000| Untracked 
| 164|0x00000000ca400000, 0x00000000ca500000, 0x00000000ca500000|100%| S|CS|TAMS 0x00000000ca400000, 0x00000000ca400000| Complete 
| 165|0x00000000ca500000, 0x00000000ca600000, 0x00000000ca600000|100%| S|CS|TAMS 0x00000000ca500000, 0x00000000ca500000| Complete 
| 166|0x00000000ca600000, 0x00000000ca700000, 0x00000000ca700000|100%| S|CS|TAMS 0x00000000ca600000, 0x00000000ca600000| Complete 
| 167|0x00000000ca700000, 0x00000000ca800000, 0x00000000ca800000|100%| S|CS|TAMS 0x00000000ca700000, 0x00000000ca700000| Complete 
| 168|0x00000000ca800000, 0x00000000ca900000, 0x00000000ca900000|100%| S|CS|TAMS 0x00000000ca800000, 0x00000000ca800000| Complete 
| 169|0x00000000ca900000, 0x00000000caa00000, 0x00000000caa00000|100%| S|CS|TAMS 0x00000000ca900000, 0x00000000ca900000| Complete 
| 170|0x00000000caa00000, 0x00000000cab00000, 0x00000000cab00000|100%| S|CS|TAMS 0x00000000caa00000, 0x00000000caa00000| Complete 
| 171|0x00000000cab00000, 0x00000000cac00000, 0x00000000cac00000|100%| S|CS|TAMS 0x00000000cab00000, 0x00000000cab00000| Complete 
| 172|0x00000000cac00000, 0x00000000cac00000, 0x00000000cad00000|  0%| F|  |TAMS 0x00000000cac00000, 0x00000000cac00000| Untracked 
| 173|0x00000000cad00000, 0x00000000cad00000, 0x00000000cae00000|  0%| F|  |TAMS 0x00000000cad00000, 0x00000000cad00000| Untracked 
| 174|0x00000000cae00000, 0x00000000cae00000, 0x00000000caf00000|  0%| F|  |TAMS 0x00000000cae00000, 0x00000000cae00000| Untracked 
| 175|0x00000000caf00000, 0x00000000caf00000, 0x00000000cb000000|  0%| F|  |TAMS 0x00000000caf00000, 0x00000000caf00000| Untracked 
| 176|0x00000000cb000000, 0x00000000cb000000, 0x00000000cb100000|  0%| F|  |TAMS 0x00000000cb000000, 0x00000000cb000000| Untracked 
| 177|0x00000000cb100000, 0x00000000cb100000, 0x00000000cb200000|  0%| F|  |TAMS 0x00000000cb100000, 0x00000000cb100000| Untracked 
| 178|0x00000000cb200000, 0x00000000cb200000, 0x00000000cb300000|  0%| F|  |TAMS 0x00000000cb200000, 0x00000000cb200000| Untracked 
| 179|0x00000000cb300000, 0x00000000cb300000, 0x00000000cb400000|  0%| F|  |TAMS 0x00000000cb300000, 0x00000000cb300000| Untracked 
| 180|0x00000000cb400000, 0x00000000cb400000, 0x00000000cb500000|  0%| F|  |TAMS 0x00000000cb400000, 0x00000000cb400000| Untracked 
| 181|0x00000000cb500000, 0x00000000cb600000, 0x00000000cb600000|100%| S|CS|TAMS 0x00000000cb500000, 0x00000000cb500000| Complete 
| 182|0x00000000cb600000, 0x00000000cb700000, 0x00000000cb700000|100%| S|CS|TAMS 0x00000000cb600000, 0x00000000cb600000| Complete 
| 183|0x00000000cb700000, 0x00000000cb700000, 0x00000000cb800000|  0%| F|  |TAMS 0x00000000cb700000, 0x00000000cb700000| Untracked 
| 184|0x00000000cb800000, 0x00000000cb800000, 0x00000000cb900000|  0%| F|  |TAMS 0x00000000cb800000, 0x00000000cb800000| Untracked 
| 185|0x00000000cb900000, 0x00000000cb900000, 0x00000000cba00000|  0%| F|  |TAMS 0x00000000cb900000, 0x00000000cb900000| Untracked 
| 186|0x00000000cba00000, 0x00000000cba00000, 0x00000000cbb00000|  0%| F|  |TAMS 0x00000000cba00000, 0x00000000cba00000| Untracked 
| 187|0x00000000cbb00000, 0x00000000cbb00000, 0x00000000cbc00000|  0%| F|  |TAMS 0x00000000cbb00000, 0x00000000cbb00000| Untracked 
| 188|0x00000000cbc00000, 0x00000000cbc00000, 0x00000000cbd00000|  0%| F|  |TAMS 0x00000000cbc00000, 0x00000000cbc00000| Untracked 
| 189|0x00000000cbd00000, 0x00000000cbd00000, 0x00000000cbe00000|  0%| F|  |TAMS 0x00000000cbd00000, 0x00000000cbd00000| Untracked 
| 190|0x00000000cbe00000, 0x00000000cbe00000, 0x00000000cbf00000|  0%| F|  |TAMS 0x00000000cbe00000, 0x00000000cbe00000| Untracked 
| 191|0x00000000cbf00000, 0x00000000cbf00000, 0x00000000cc000000|  0%| F|  |TAMS 0x00000000cbf00000, 0x00000000cbf00000| Untracked 
| 192|0x00000000cc000000, 0x00000000cc000000, 0x00000000cc100000|  0%| F|  |TAMS 0x00000000cc000000, 0x00000000cc000000| Untracked 
| 193|0x00000000cc100000, 0x00000000cc100000, 0x00000000cc200000|  0%| F|  |TAMS 0x00000000cc100000, 0x00000000cc100000| Untracked 
| 194|0x00000000cc200000, 0x00000000cc200000, 0x00000000cc300000|  0%| F|  |TAMS 0x00000000cc200000, 0x00000000cc200000| Untracked 
| 195|0x00000000cc300000, 0x00000000cc300000, 0x00000000cc400000|  0%| F|  |TAMS 0x00000000cc300000, 0x00000000cc300000| Untracked 
| 196|0x00000000cc400000, 0x00000000cc400000, 0x00000000cc500000|  0%| F|  |TAMS 0x00000000cc400000, 0x00000000cc400000| Untracked 
| 197|0x00000000cc500000, 0x00000000cc500000, 0x00000000cc600000|  0%| F|  |TAMS 0x00000000cc500000, 0x00000000cc500000| Untracked 
| 198|0x00000000cc600000, 0x00000000cc600000, 0x00000000cc700000|  0%| F|  |TAMS 0x00000000cc600000, 0x00000000cc600000| Untracked 
| 199|0x00000000cc700000, 0x00000000cc700000, 0x00000000cc800000|  0%| F|  |TAMS 0x00000000cc700000, 0x00000000cc700000| Untracked 
| 200|0x00000000cc800000, 0x00000000cc800000, 0x00000000cc900000|  0%| F|  |TAMS 0x00000000cc800000, 0x00000000cc800000| Untracked 
| 201|0x00000000cc900000, 0x00000000cc900000, 0x00000000cca00000|  0%| F|  |TAMS 0x00000000cc900000, 0x00000000cc900000| Untracked 
| 202|0x00000000cca00000, 0x00000000cca00000, 0x00000000ccb00000|  0%| F|  |TAMS 0x00000000cca00000, 0x00000000cca00000| Untracked 
| 203|0x00000000ccb00000, 0x00000000ccb00000, 0x00000000ccc00000|  0%| F|  |TAMS 0x00000000ccb00000, 0x00000000ccb00000| Untracked 
| 204|0x00000000ccc00000, 0x00000000ccc00000, 0x00000000ccd00000|  0%| F|  |TAMS 0x00000000ccc00000, 0x00000000ccc00000| Untracked 
| 205|0x00000000ccd00000, 0x00000000ccd00000, 0x00000000cce00000|  0%| F|  |TAMS 0x00000000ccd00000, 0x00000000ccd00000| Untracked 
| 206|0x00000000cce00000, 0x00000000cce00000, 0x00000000ccf00000|  0%| F|  |TAMS 0x00000000cce00000, 0x00000000cce00000| Untracked 
| 207|0x00000000ccf00000, 0x00000000ccf00000, 0x00000000cd000000|  0%| F|  |TAMS 0x00000000ccf00000, 0x00000000ccf00000| Untracked 
| 208|0x00000000cd000000, 0x00000000cd000000, 0x00000000cd100000|  0%| F|  |TAMS 0x00000000cd000000, 0x00000000cd000000| Untracked 
| 209|0x00000000cd100000, 0x00000000cd100000, 0x00000000cd200000|  0%| F|  |TAMS 0x00000000cd100000, 0x00000000cd100000| Untracked 
| 210|0x00000000cd200000, 0x00000000cd200000, 0x00000000cd300000|  0%| F|  |TAMS 0x00000000cd200000, 0x00000000cd200000| Untracked 
| 211|0x00000000cd300000, 0x00000000cd300000, 0x00000000cd400000|  0%| F|  |TAMS 0x00000000cd300000, 0x00000000cd300000| Untracked 
| 212|0x00000000cd400000, 0x00000000cd400000, 0x00000000cd500000|  0%| F|  |TAMS 0x00000000cd400000, 0x00000000cd400000| Untracked 
| 213|0x00000000cd500000, 0x00000000cd500000, 0x00000000cd600000|  0%| F|  |TAMS 0x00000000cd500000, 0x00000000cd500000| Untracked 
| 214|0x00000000cd600000, 0x00000000cd600000, 0x00000000cd700000|  0%| F|  |TAMS 0x00000000cd600000, 0x00000000cd600000| Untracked 
| 215|0x00000000cd700000, 0x00000000cd700000, 0x00000000cd800000|  0%| F|  |TAMS 0x00000000cd700000, 0x00000000cd700000| Untracked 
| 216|0x00000000cd800000, 0x00000000cd800000, 0x00000000cd900000|  0%| F|  |TAMS 0x00000000cd800000, 0x00000000cd800000| Untracked 
| 217|0x00000000cd900000, 0x00000000cd900000, 0x00000000cda00000|  0%| F|  |TAMS 0x00000000cd900000, 0x00000000cd900000| Untracked 
| 218|0x00000000cda00000, 0x00000000cda00000, 0x00000000cdb00000|  0%| F|  |TAMS 0x00000000cda00000, 0x00000000cda00000| Untracked 
| 219|0x00000000cdb00000, 0x00000000cdb00000, 0x00000000cdc00000|  0%| F|  |TAMS 0x00000000cdb00000, 0x00000000cdb00000| Untracked 
| 220|0x00000000cdc00000, 0x00000000cdc00000, 0x00000000cdd00000|  0%| F|  |TAMS 0x00000000cdc00000, 0x00000000cdc00000| Untracked 
| 221|0x00000000cdd00000, 0x00000000cdd00000, 0x00000000cde00000|  0%| F|  |TAMS 0x00000000cdd00000, 0x00000000cdd00000| Untracked 
| 222|0x00000000cde00000, 0x00000000cde00000, 0x00000000cdf00000|  0%| F|  |TAMS 0x00000000cde00000, 0x00000000cde00000| Untracked 
| 223|0x00000000cdf00000, 0x00000000cdf00000, 0x00000000ce000000|  0%| F|  |TAMS 0x00000000cdf00000, 0x00000000cdf00000| Untracked 
| 224|0x00000000ce000000, 0x00000000ce000000, 0x00000000ce100000|  0%| F|  |TAMS 0x00000000ce000000, 0x00000000ce000000| Untracked 
| 225|0x00000000ce100000, 0x00000000ce100000, 0x00000000ce200000|  0%| F|  |TAMS 0x00000000ce100000, 0x00000000ce100000| Untracked 
| 226|0x00000000ce200000, 0x00000000ce200000, 0x00000000ce300000|  0%| F|  |TAMS 0x00000000ce200000, 0x00000000ce200000| Untracked 
| 227|0x00000000ce300000, 0x00000000ce300000, 0x00000000ce400000|  0%| F|  |TAMS 0x00000000ce300000, 0x00000000ce300000| Untracked 
| 228|0x00000000ce400000, 0x00000000ce400000, 0x00000000ce500000|  0%| F|  |TAMS 0x00000000ce400000, 0x00000000ce400000| Untracked 
| 229|0x00000000ce500000, 0x00000000ce500000, 0x00000000ce600000|  0%| F|  |TAMS 0x00000000ce500000, 0x00000000ce500000| Untracked 
| 230|0x00000000ce600000, 0x00000000ce600000, 0x00000000ce700000|  0%| F|  |TAMS 0x00000000ce600000, 0x00000000ce600000| Untracked 
| 231|0x00000000ce700000, 0x00000000ce700000, 0x00000000ce800000|  0%| F|  |TAMS 0x00000000ce700000, 0x00000000ce700000| Untracked 
| 232|0x00000000ce800000, 0x00000000ce800000, 0x00000000ce900000|  0%| F|  |TAMS 0x00000000ce800000, 0x00000000ce800000| Untracked 
| 233|0x00000000ce900000, 0x00000000ce900000, 0x00000000cea00000|  0%| F|  |TAMS 0x00000000ce900000, 0x00000000ce900000| Untracked 
| 234|0x00000000cea00000, 0x00000000cea00000, 0x00000000ceb00000|  0%| F|  |TAMS 0x00000000cea00000, 0x00000000cea00000| Untracked 
| 235|0x00000000ceb00000, 0x00000000ceb00000, 0x00000000cec00000|  0%| F|  |TAMS 0x00000000ceb00000, 0x00000000ceb00000| Untracked 
| 236|0x00000000cec00000, 0x00000000cec00000, 0x00000000ced00000|  0%| F|  |TAMS 0x00000000cec00000, 0x00000000cec00000| Untracked 
| 237|0x00000000ced00000, 0x00000000ced00000, 0x00000000cee00000|  0%| F|  |TAMS 0x00000000ced00000, 0x00000000ced00000| Untracked 
| 238|0x00000000cee00000, 0x00000000cee00000, 0x00000000cef00000|  0%| F|  |TAMS 0x00000000cee00000, 0x00000000cee00000| Untracked 
| 239|0x00000000cef00000, 0x00000000cef00000, 0x00000000cf000000|  0%| F|  |TAMS 0x00000000cef00000, 0x00000000cef00000| Untracked 
| 240|0x00000000cf000000, 0x00000000cf000000, 0x00000000cf100000|  0%| F|  |TAMS 0x00000000cf000000, 0x00000000cf000000| Untracked 
| 241|0x00000000cf100000, 0x00000000cf100000, 0x00000000cf200000|  0%| F|  |TAMS 0x00000000cf100000, 0x00000000cf100000| Untracked 
| 242|0x00000000cf200000, 0x00000000cf200000, 0x00000000cf300000|  0%| F|  |TAMS 0x00000000cf200000, 0x00000000cf200000| Untracked 
| 243|0x00000000cf300000, 0x00000000cf300000, 0x00000000cf400000|  0%| F|  |TAMS 0x00000000cf300000, 0x00000000cf300000| Untracked 
| 244|0x00000000cf400000, 0x00000000cf400000, 0x00000000cf500000|  0%| F|  |TAMS 0x00000000cf400000, 0x00000000cf400000| Untracked 
| 245|0x00000000cf500000, 0x00000000cf500000, 0x00000000cf600000|  0%| F|  |TAMS 0x00000000cf500000, 0x00000000cf500000| Untracked 
| 246|0x00000000cf600000, 0x00000000cf600000, 0x00000000cf700000|  0%| F|  |TAMS 0x00000000cf600000, 0x00000000cf600000| Untracked 
| 247|0x00000000cf700000, 0x00000000cf700000, 0x00000000cf800000|  0%| F|  |TAMS 0x00000000cf700000, 0x00000000cf700000| Untracked 

Card table byte_map: [0x0000025ea2e70000,0x0000025ea3070000] _byte_map_base: 0x0000025ea2870000

Marking Bits (Prev, Next): (CMBitMap*) 0x0000025e8b25dd18, (CMBitMap*) 0x0000025e8b25dd50
 Prev Bits: [0x0000025ea3270000, 0x0000025ea4270000)
 Next Bits: [0x0000025ea4270000, 0x0000025ea5270000)

Polling page: 0x0000025e8a9c0000

Metaspace:

Usage:
  Non-class:     15.06 MB capacity,    14.90 MB ( 99%) used,   126.52 KB ( <1%) free+waste,    41.56 KB ( <1%) overhead. 
      Class:      1.88 MB capacity,     1.70 MB ( 91%) used,   154.48 KB (  8%) free+waste,    22.00 KB (  1%) overhead. 
       Both:     16.94 MB capacity,    16.60 MB ( 98%) used,   280.99 KB (  2%) free+waste,    63.56 KB ( <1%) overhead. 

Virtual space:
  Non-class space:       16.00 MB reserved,      15.25 MB ( 95%) committed 
      Class space:        1.00 GB reserved,       2.00 MB ( <1%) committed 
             Both:        1.02 GB reserved,      17.25 MB (  2%) committed 

Chunk freelists:
   Non-Class:  0 bytes
       Class:  0 bytes
        Both:  0 bytes

MaxMetaspaceSize: 17179869184.00 GB
CompressedClassSpaceSize: 1.00 GB
Initial GC threshold: 20.80 MB
Current GC threshold: 20.80 MB
CDS: off

CodeHeap 'non-profiled nmethods': size=120000Kb used=1578Kb max_used=1578Kb free=118421Kb
 bounds [0x0000025e9b410000, 0x0000025e9b680000, 0x0000025ea2940000]
CodeHeap 'profiled nmethods': size=120000Kb used=5010Kb max_used=5010Kb free=114989Kb
 bounds [0x0000025e93ee0000, 0x0000025e943d0000, 0x0000025e9b410000]
CodeHeap 'non-nmethods': size=5760Kb used=1166Kb max_used=1231Kb free=4593Kb
 bounds [0x0000025e93940000, 0x0000025e93bb0000, 0x0000025e93ee0000]
 total_blobs=2753 nmethods=2357 adapters=306
 compilation: enabled
              stopped_count=0, restarted_count=0
 full_count=0

Compilation events (20 events):
Event: 7.826 Thread 0x0000025ea8507000 nmethod 2434 0x0000025e9b58fc90 code [0x0000025e9b58fe80, 0x0000025e9b590998]
Event: 7.826 Thread 0x0000025ea8507000 2453       4       com.android.tools.r8.internal.eR::a (158 bytes)
Event: 7.865 Thread 0x0000025ea8507000 nmethod 2453 0x0000025e9b591290 code [0x0000025e9b5914c0, 0x0000025e9b591eb8]
Event: 7.865 Thread 0x0000025ea8507000 2477 %     4       java.util.ArrayList::forEach @ 24 (74 bytes)
Event: 7.877 Thread 0x0000025ea8558800 2481 %     3       com.android.tools.r8.graph.K2::g @ 58 (97 bytes)
Event: 7.878 Thread 0x0000025ea8558800 nmethod 2481% 0x0000025e943c1e10 code [0x0000025e943c2060, 0x0000025e943c2a38]
Event: 7.884 Thread 0x0000025ea8558800 2482       2       com.android.tools.r8.internal.d1::iterator (5 bytes)
Event: 7.885 Thread 0x0000025ea8558800 nmethod 2482 0x0000025e943c2e10 code [0x0000025e943c2fc0, 0x0000025e943c31c8]
Event: 7.885 Thread 0x0000025ea8558800 2483       2       com.android.tools.r8.internal.pK::iterator (12 bytes)
Event: 7.885 Thread 0x0000025ea8558800 nmethod 2483 0x0000025e943c3310 code [0x0000025e943c34c0, 0x0000025e943c36c8]
Event: 7.891 Thread 0x0000025ea8507000 nmethod 2477% 0x0000025e9b597890 code [0x0000025e9b597aa0, 0x0000025e9b598818]
Event: 7.892 Thread 0x0000025ea9733000 nmethod 2372 0x0000025e9b592710 code [0x0000025e9b592ae0, 0x0000025e9b595d48]
Event: 7.892 Thread 0x0000025ea8507000 2484       4       java.util.ArrayList::forEach (74 bytes)
Event: 7.893 Thread 0x0000025ea9733000 2467       4       com.android.tools.r8.internal.cb::a (23 bytes)
Event: 7.893 Thread 0x0000025ea9733000 nmethod 2467 0x0000025e9b599010 code [0x0000025e9b5991a0, 0x0000025e9b599238]
Event: 7.894 Thread 0x0000025ea9733000 2472       4       com.android.tools.r8.graph.v2::a (122 bytes)
Event: 7.907 Thread 0x0000025ea8558800 2485       2       com.android.tools.r8.graph.y2::a (75 bytes)
Event: 7.909 Thread 0x0000025ea8558800 nmethod 2485 0x0000025e943c3790 code [0x0000025e943c39e0, 0x0000025e943c41f8]
Event: 7.921 Thread 0x0000025ea8507000 nmethod 2484 0x0000025e9b599310 code [0x0000025e9b599500, 0x0000025e9b59a018]
Event: 7.921 Thread 0x0000025ea8507000 2430       4       com.android.tools.r8.internal.Pa::a (177 bytes)

GC Heap History (20 events):
Event: 5.141 GC heap after
{Heap after GC invocations=6 (full 0):
 garbage-first heap   total 129024K, used 37213K [0x00000000c0000000, 0x0000000100000000)
  region size 1024K, 7 young (7168K), 7 survivors (7168K)
 Metaspace       used 13404K, capacity 13655K, committed 13824K, reserved 1060864K
  class space    used 1299K, capacity 1415K, committed 1536K, reserved 1048576K
}
Event: 5.271 GC heap before
{Heap before GC invocations=6 (full 0):
 garbage-first heap   total 129024K, used 56669K [0x00000000c0000000, 0x0000000100000000)
  region size 1024K, 27 young (27648K), 7 survivors (7168K)
 Metaspace       used 13592K, capacity 13821K, committed 14080K, reserved 1062912K
  class space    used 1318K, capacity 1428K, committed 1536K, reserved 1048576K
}
Event: 5.301 GC heap after
{Heap after GC invocations=7 (full 0):
 garbage-first heap   total 129024K, used 43520K [0x00000000c0000000, 0x0000000100000000)
  region size 1024K, 4 young (4096K), 4 survivors (4096K)
 Metaspace       used 13592K, capacity 13821K, committed 14080K, reserved 1062912K
  class space    used 1318K, capacity 1428K, committed 1536K, reserved 1048576K
}
Event: 5.442 GC heap before
{Heap before GC invocations=7 (full 0):
 garbage-first heap   total 129024K, used 78336K [0x00000000c0000000, 0x0000000100000000)
  region size 1024K, 38 young (38912K), 4 survivors (4096K)
 Metaspace       used 13647K, capacity 13890K, committed 14080K, reserved 1062912K
  class space    used 1318K, capacity 1428K, committed 1536K, reserved 1048576K
}
Event: 5.483 GC heap after
{Heap after GC invocations=8 (full 0):
 garbage-first heap   total 155648K, used 52224K [0x00000000c0000000, 0x0000000100000000)
  region size 1024K, 5 young (5120K), 5 survivors (5120K)
 Metaspace       used 13647K, capacity 13890K, committed 14080K, reserved 1062912K
  class space    used 1318K, capacity 1428K, committed 1536K, reserved 1048576K
}
Event: 5.622 GC heap before
{Heap before GC invocations=8 (full 0):
 garbage-first heap   total 155648K, used 87040K [0x00000000c0000000, 0x0000000100000000)
  region size 1024K, 40 young (40960K), 5 survivors (5120K)
 Metaspace       used 13679K, capacity 13893K, committed 14080K, reserved 1062912K
  class space    used 1319K, capacity 1428K, committed 1536K, reserved 1048576K
}
Event: 5.668 GC heap after
{Heap after GC invocations=9 (full 0):
 garbage-first heap   total 155648K, used 60895K [0x00000000c0000000, 0x0000000100000000)
  region size 1024K, 5 young (5120K), 5 survivors (5120K)
 Metaspace       used 13679K, capacity 13893K, committed 14080K, reserved 1062912K
  class space    used 1319K, capacity 1428K, committed 1536K, reserved 1048576K
}
Event: 6.373 GC heap before
{Heap before GC invocations=9 (full 0):
 garbage-first heap   total 155648K, used 100831K [0x00000000c0000000, 0x0000000100000000)
  region size 1024K, 44 young (45056K), 5 survivors (5120K)
 Metaspace       used 15194K, capacity 15511K, committed 15872K, reserved 1062912K
  class space    used 1534K, capacity 1669K, committed 1792K, reserved 1048576K
}
Event: 6.414 GC heap after
{Heap after GC invocations=10 (full 0):
 garbage-first heap   total 155648K, used 68068K [0x00000000c0000000, 0x0000000100000000)
  region size 1024K, 6 young (6144K), 6 survivors (6144K)
 Metaspace       used 15194K, capacity 15511K, committed 15872K, reserved 1062912K
  class space    used 1534K, capacity 1669K, committed 1792K, reserved 1048576K
}
Event: 6.543 GC heap before
{Heap before GC invocations=10 (full 0):
 garbage-first heap   total 155648K, used 106980K [0x00000000c0000000, 0x0000000100000000)
  region size 1024K, 44 young (45056K), 6 survivors (6144K)
 Metaspace       used 15229K, capacity 15512K, committed 15872K, reserved 1062912K
  class space    used 1534K, capacity 1669K, committed 1792K, reserved 1048576K
}
Event: 6.582 GC heap after
{Heap after GC invocations=11 (full 0):
 garbage-first heap   total 155648K, used 75776K [0x00000000c0000000, 0x0000000100000000)
  region size 1024K, 6 young (6144K), 6 survivors (6144K)
 Metaspace       used 15229K, capacity 15512K, committed 15872K, reserved 1062912K
  class space    used 1534K, capacity 1669K, committed 1792K, reserved 1048576K
}
Event: 6.664 GC heap before
{Heap before GC invocations=11 (full 0):
 garbage-first heap   total 155648K, used 112640K [0x00000000c0000000, 0x0000000100000000)
  region size 1024K, 42 young (43008K), 6 survivors (6144K)
 Metaspace       used 15236K, capacity 15576K, committed 15872K, reserved 1062912K
  class space    used 1534K, capacity 1669K, committed 1792K, reserved 1048576K
}
Event: 6.703 GC heap after
{Heap after GC invocations=12 (full 0):
 garbage-first heap   total 253952K, used 82944K [0x00000000c0000000, 0x0000000100000000)
  region size 1024K, 6 young (6144K), 6 survivors (6144K)
 Metaspace       used 15236K, capacity 15576K, committed 15872K, reserved 1062912K
  class space    used 1534K, capacity 1669K, committed 1792K, reserved 1048576K
}
Event: 6.887 GC heap before
{Heap before GC invocations=12 (full 0):
 garbage-first heap   total 253952K, used 146432K [0x00000000c0000000, 0x0000000100000000)
  region size 1024K, 68 young (69632K), 6 survivors (6144K)
 Metaspace       used 15240K, capacity 15576K, committed 15872K, reserved 1062912K
  class space    used 1534K, capacity 1669K, committed 1792K, reserved 1048576K
}
Event: 6.917 GC heap after
{Heap after GC invocations=13 (full 0):
 garbage-first heap   total 253952K, used 95005K [0x00000000c0000000, 0x0000000100000000)
  region size 1024K, 9 young (9216K), 9 survivors (9216K)
 Metaspace       used 15240K, capacity 15576K, committed 15872K, reserved 1062912K
  class space    used 1534K, capacity 1669K, committed 1792K, reserved 1048576K
}
Event: 7.531 GC heap before
{Heap before GC invocations=13 (full 0):
 garbage-first heap   total 253952K, used 163613K [0x00000000c0000000, 0x0000000100000000)
  region size 1024K, 76 young (77824K), 9 survivors (9216K)
 Metaspace       used 16994K, capacity 17346K, committed 17664K, reserved 1064960K
  class space    used 1744K, capacity 1921K, committed 2048K, reserved 1048576K
}
Event: 7.566 GC heap after
{Heap after GC invocations=14 (full 0):
 garbage-first heap   total 253952K, used 107444K [0x00000000c0000000, 0x0000000100000000)
  region size 1024K, 10 young (10240K), 10 survivors (10240K)
 Metaspace       used 16994K, capacity 17346K, committed 17664K, reserved 1064960K
  class space    used 1744K, capacity 1921K, committed 2048K, reserved 1048576K
}
Event: 7.728 GC heap before
{Heap before GC invocations=14 (full 0):
 garbage-first heap   total 253952K, used 176052K [0x00000000c0000000, 0x0000000100000000)
  region size 1024K, 77 young (78848K), 10 survivors (10240K)
 Metaspace       used 16999K, capacity 17346K, committed 17664K, reserved 1064960K
  class space    used 1744K, capacity 1921K, committed 2048K, reserved 1048576K
}
Event: 7.763 GC heap after
{Heap after GC invocations=15 (full 0):
 garbage-first heap   total 253952K, used 119808K [0x00000000c0000000, 0x0000000100000000)
  region size 1024K, 10 young (10240K), 10 survivors (10240K)
 Metaspace       used 16999K, capacity 17346K, committed 17664K, reserved 1064960K
  class space    used 1744K, capacity 1921K, committed 2048K, reserved 1048576K
}
Event: 7.935 GC heap before
{Heap before GC invocations=15 (full 0):
 garbage-first heap   total 253952K, used 187392K [0x00000000c0000000, 0x0000000100000000)
  region size 1024K, 75 young (76800K), 10 survivors (10240K)
 Metaspace       used 17001K, capacity 17346K, committed 17664K, reserved 1064960K
  class space    used 1744K, capacity 1921K, committed 2048K, reserved 1048576K
}

Deoptimization events (20 events):
Event: 7.826 Thread 0x0000025ea94dd000 Uncommon trap: trap_request=0xffffffbe fr.pc=0x0000025e9b590508 relative=0x0000000000000688
Event: 7.826 Thread 0x0000025ea94dd000 Uncommon trap: reason=profile_predicate action=maybe_recompile pc=0x0000025e9b590508 method=java.util.ArrayList.forEach(Ljava/util/function/Consumer;)V @ 29 c2
Event: 7.826 Thread 0x0000025ea94dd000 DEOPT PACKING pc=0x0000025e9b590508 sp=0x0000009abfbfe5e0
Event: 7.826 Thread 0x0000025ea94dd000 DEOPT UNPACKING pc=0x0000025e9398a1af sp=0x0000009abfbfe598 mode 2
Event: 7.826 Thread 0x0000025ea94dd000 Uncommon trap: trap_request=0xffffffbe fr.pc=0x0000025e9b590508 relative=0x0000000000000688
Event: 7.826 Thread 0x0000025ea94dd000 Uncommon trap: reason=profile_predicate action=maybe_recompile pc=0x0000025e9b590508 method=java.util.ArrayList.forEach(Ljava/util/function/Consumer;)V @ 29 c2
Event: 7.826 Thread 0x0000025ea94dd000 DEOPT PACKING pc=0x0000025e9b590508 sp=0x0000009abfbfe5e0
Event: 7.826 Thread 0x0000025ea94dd000 DEOPT UNPACKING pc=0x0000025e9398a1af sp=0x0000009abfbfe598 mode 2
Event: 7.826 Thread 0x0000025ea94dd000 Uncommon trap: trap_request=0xffffffbe fr.pc=0x0000025e9b590508 relative=0x0000000000000688
Event: 7.826 Thread 0x0000025ea94dd000 Uncommon trap: reason=profile_predicate action=maybe_recompile pc=0x0000025e9b590508 method=java.util.ArrayList.forEach(Ljava/util/function/Consumer;)V @ 29 c2
Event: 7.826 Thread 0x0000025ea94dd000 DEOPT PACKING pc=0x0000025e9b590508 sp=0x0000009abfbfe5e0
Event: 7.826 Thread 0x0000025ea94dd000 DEOPT UNPACKING pc=0x0000025e9398a1af sp=0x0000009abfbfe598 mode 2
Event: 7.891 Thread 0x0000025ea94dd000 Uncommon trap: trap_request=0xffffffbe fr.pc=0x0000025e9b59830c relative=0x000000000000086c
Event: 7.891 Thread 0x0000025ea94dd000 Uncommon trap: reason=profile_predicate action=maybe_recompile pc=0x0000025e9b59830c method=java.util.ArrayList.forEach(Ljava/util/function/Consumer;)V @ 24 c2
Event: 7.891 Thread 0x0000025ea94dd000 DEOPT PACKING pc=0x0000025e9b59830c sp=0x0000009abfbfe500
Event: 7.891 Thread 0x0000025ea94dd000 DEOPT UNPACKING pc=0x0000025e9398a1af sp=0x0000009abfbfe4f8 mode 2
Event: 7.892 Thread 0x0000025ea8f03000 Uncommon trap: trap_request=0xffffffbe fr.pc=0x0000025e9b59830c relative=0x000000000000086c
Event: 7.892 Thread 0x0000025ea8f03000 Uncommon trap: reason=profile_predicate action=maybe_recompile pc=0x0000025e9b59830c method=java.util.ArrayList.forEach(Ljava/util/function/Consumer;)V @ 24 c2
Event: 7.892 Thread 0x0000025ea8f03000 DEOPT PACKING pc=0x0000025e9b59830c sp=0x0000009ac02fe810
Event: 7.893 Thread 0x0000025ea8f03000 DEOPT UNPACKING pc=0x0000025e9398a1af sp=0x0000009ac02fe808 mode 2

Classes redefined (0 events):
No events

Internal exceptions (20 events):
Event: 4.916 Thread 0x0000025ea95d1800 Exception <a 'java/lang/NoSuchMethodError'{0x00000000c6f2d678}: 'long java.lang.invoke.DirectMethodHandle$Holder.invokeStatic(java.lang.Object, java.lang.Object)'> (0x00000000c6f2d678) thrown at [./src/hotspot/share/interpreter/linkResolver.cpp, line 773]
Event: 4.916 Thread 0x0000025ea94dd000 Exception <a 'java/lang/NoSuchMethodError'{0x00000000c709f348}: 'long java.lang.invoke.DirectMethodHandle$Holder.invokeStatic(java.lang.Object, java.lang.Object)'> (0x00000000c709f348) thrown at [./src/hotspot/share/interpreter/linkResolver.cpp, line 773]
Event: 4.916 Thread 0x0000025ea95d0800 Exception <a 'java/lang/NoSuchMethodError'{0x00000000c7042b30}: 'long java.lang.invoke.DirectMethodHandle$Holder.invokeStatic(java.lang.Object, java.lang.Object)'> (0x00000000c7042b30) thrown at [./src/hotspot/share/interpreter/linkResolver.cpp, line 773]
Event: 4.917 Thread 0x0000025ea8f03000 Exception <a 'java/lang/NoSuchMethodError'{0x00000000c6fe18f0}: 'long java.lang.invoke.DirectMethodHandle$Holder.invokeStaticInit(java.lang.Object, java.lang.Object)'> (0x00000000c6fe18f0) thrown at [./src/hotspot/share/interpreter/linkResolver.cpp, line 773]
Event: 4.917 Thread 0x0000025ea95d0800 Exception <a 'java/lang/NoSuchMethodError'{0x00000000c70457f8}: 'long java.lang.invoke.DirectMethodHandle$Holder.invokeStaticInit(java.lang.Object, java.lang.Object)'> (0x00000000c70457f8) thrown at [./src/hotspot/share/interpreter/linkResolver.cpp, line 773]
Event: 4.917 Thread 0x0000025ea94dd000 Exception <a 'java/lang/NoSuchMethodError'{0x00000000c70a2150}: 'long java.lang.invoke.DirectMethodHandle$Holder.invokeStaticInit(java.lang.Object, java.lang.Object)'> (0x00000000c70a2150) thrown at [./src/hotspot/share/interpreter/linkResolver.cpp, line 773]
Event: 4.917 Thread 0x0000025ea95d1800 Exception <a 'java/lang/NoSuchMethodError'{0x00000000c6f302e8}: 'long java.lang.invoke.DirectMethodHandle$Holder.invokeStaticInit(java.lang.Object, java.lang.Object)'> (0x00000000c6f302e8) thrown at [./src/hotspot/share/interpreter/linkResolver.cpp, line 773]
Event: 5.098 Thread 0x0000025ea95d0800 Implicit null exception at 0x0000025e9b4c9ea7 to 0x0000025e9b4ca1b0
Event: 5.159 Thread 0x0000025ea95d0800 Exception <a 'java/lang/NoSuchMethodError'{0x00000000c7c84db8}: 'void java.lang.invoke.DirectMethodHandle$Holder.invokeSpecial(java.lang.Object, java.lang.Object, java.lang.Object, java.lang.Object, java.lang.Object)'> (0x00000000c7c84db8) thrown at [./src/hotspot/share/interpreter/linkResolver.cpp, line 773]
Event: 5.159 Thread 0x0000025ea94dd000 Exception <a 'java/lang/NoSuchMethodError'{0x00000000c7d9f300}: 'void java.lang.invoke.DirectMethodHandle$Holder.invokeSpecial(java.lang.Object, java.lang.Object, java.lang.Object, java.lang.Object, java.lang.Object)'> (0x00000000c7d9f300) thrown at [./src/hotspot/share/interpreter/linkResolver.cpp, line 773]
Event: 5.159 Thread 0x0000025ea95d1800 Exception <a 'java/lang/NoSuchMethodError'{0x00000000c7cdbe80}: 'void java.lang.invoke.DirectMethodHandle$Holder.invokeSpecial(java.lang.Object, java.lang.Object, java.lang.Object, java.lang.Object, java.lang.Object)'> (0x00000000c7cdbe80) thrown at [./src/hotspot/share/interpreter/linkResolver.cpp, line 773]
Event: 5.986 Thread 0x0000025e8b22e800 Exception <a 'java/lang/NoSuchMethodError'{0x00000000c8b17a20}: 'int java.lang.invoke.DirectMethodHandle$Holder.invokeSpecial(java.lang.Object, java.lang.Object, java.lang.Object, java.lang.Object)'> (0x00000000c8b17a20) thrown at [./src/hotspot/share/interpreter/linkResolver.cpp, line 773]
Event: 6.134 Thread 0x0000025e8b22e800 Exception <a 'java/lang/NoSuchMethodError'{0x00000000c8bd06f0}: 'void java.lang.invoke.DirectMethodHandle$Holder.invokeSpecial(java.lang.Object, java.lang.Object)'> (0x00000000c8bd06f0) thrown at [./src/hotspot/share/interpreter/linkResolver.cpp, line 773]
Event: 6.178 Thread 0x0000025e8b22e800 Exception <a 'java/lang/IncompatibleClassChangeError'{0x00000000c8928df8}: Found class java.lang.Object, but interface was expected> (0x00000000c8928df8) thrown at [./src/hotspot/share/interpreter/linkResolver.cpp, line 839]
Event: 6.180 Thread 0x0000025e8b22e800 Exception <a 'java/lang/NoSuchMethodError'{0x00000000c8932138}: 'java.lang.Object java.lang.invoke.DirectMethodHandle$Holder.invokeStatic(java.lang.Object, java.lang.Object, java.lang.Object, int)'> (0x00000000c8932138) thrown at [./src/hotspot/share/interpreter/linkResolver.cpp, line 773]
Event: 6.183 Thread 0x0000025e8b22e800 Exception <a 'java/lang/NoSuchMethodError'{0x00000000c89434f0}: 'void java.lang.invoke.DirectMethodHandle$Holder.invokeStatic(java.lang.Object, java.lang.Object, java.lang.Object, java.lang.Object, java.lang.Object, java.lang.Object)'> (0x00000000c89434f0) thrown at [./src/hotspot/share/interpreter/linkResolver.cpp, line 773]
Event: 6.186 Thread 0x0000025e8b22e800 Exception <a 'java/lang/NoSuchMethodError'{0x00000000c8951838}: 'java.lang.Object java.lang.invoke.Invokers$Holder.linkToTargetMethod(java.lang.Object, java.lang.Object, int, java.lang.Object)'> (0x00000000c8951838) thrown at [./src/hotspot/share/interpreter/linkResolver.cpp, line 773]
Event: 6.348 Thread 0x0000025ea8f03000 Implicit null exception at 0x0000025e9b4feaf2 to 0x0000025e9b4febb0
Event: 7.241 Thread 0x0000025e8b22e800 Exception <a 'java/lang/NoSuchMethodError'{0x00000000ce75c728}: 'java.lang.Object java.lang.invoke.DirectMethodHandle$Holder.invokeStaticInit(java.lang.Object, java.lang.Object, java.lang.Object)'> (0x00000000ce75c728) thrown at [./src/hotspot/share/interpreter/linkResolver.cpp, line 773]
Event: 7.288 Thread 0x0000025e8b22e800 Exception <a 'java/lang/NoSuchMethodError'{0x00000000ce7e48f8}: 'java.lang.Object java.lang.invoke.DirectMethodHandle$Holder.invokeStatic(java.lang.Object, int, java.lang.Object, java.lang.Object)'> (0x00000000ce7e48f8) thrown at [./src/hotspot/share/interpreter/linkResolver.cpp, line 773]

Events (20 events):
Event: 7.404 loading class com/android/tools/r8/graph/d3 done
Event: 7.404 loading class com/android/tools/r8/graph/d3
Event: 7.404 loading class com/android/tools/r8/graph/d3 done
Event: 7.406 loading class com/android/tools/r8/graph/d3
Event: 7.406 loading class com/android/tools/r8/graph/d3 done
Event: 7.406 loading class com/android/tools/r8/internal/A7
Event: 7.406 loading class com/android/tools/r8/internal/A7 done
Event: 7.406 loading class com/android/tools/r8/internal/mH
Event: 7.406 loading class com/android/tools/r8/internal/mH done
Event: 7.406 loading class com/android/tools/r8/internal/mH
Event: 7.406 loading class com/android/tools/r8/internal/mH done
Event: 7.407 loading class com/android/tools/r8/internal/mH
Event: 7.407 loading class com/android/tools/r8/internal/mH done
Event: 7.465 loading class com/android/tools/r8/internal/mR
Event: 7.465 loading class com/android/tools/r8/internal/mR done
Event: 7.531 Executing VM operation: G1CollectForAllocation
Event: 7.566 Executing VM operation: G1CollectForAllocation done
Event: 7.728 Executing VM operation: G1CollectForAllocation
Event: 7.763 Executing VM operation: G1CollectForAllocation done
Event: 7.935 Executing VM operation: G1CollectForAllocation


Dynamic libraries:
0x00007ff74bdc0000 - 0x00007ff74bdcd000 	C:\Program Files\Microsoft\jdk-11.0.16.101-hotspot\bin\java.exe
0x0000025e88f00000 - 0x0000025e890f8000 	C:\WINDOWS\SYSTEM32\ntd1l.dll
0x0000025e89100000 - 0x0000025e891bd000 	C:\WINDOWS\System32\kern3l32.dll
0x00007ff9a3a70000 - 0x00007ff9a3c68000 	C:\WINDOWS\SYSTEM32\ntdll.dll
0x00007ff9a1c70000 - 0x00007ff9a1d2d000 	C:\WINDOWS\System32\KERNEL32.DLL
0x00007ff9a1500000 - 0x00007ff9a17f6000 	C:\WINDOWS\System32\KERNELBASE.dll
0x00007ff9a0bc0000 - 0x00007ff9a0ed3000 	C:\Program Files\SentinelOne\Sentinel Agent 23.1.4.650\InProcessClient64.dll
0x00007ff9a1d40000 - 0x00007ff9a1dee000 	C:\WINDOWS\System32\ADVAPI32.dll
0x00007ff9a23e0000 - 0x00007ff9a247e000 	C:\WINDOWS\System32\msvcrt.dll
0x00007ff9a1bd0000 - 0x00007ff9a1c6c000 	C:\WINDOWS\System32\sechost.dll
0x00007ff9a3900000 - 0x00007ff9a3a26000 	C:\WINDOWS\System32\RPCRT4.dll
0x00007ff9a12b0000 - 0x00007ff9a13b0000 	C:\WINDOWS\System32\ucrtbase.dll
0x00007ff979c20000 - 0x00007ff979c35000 	C:\Program Files\Microsoft\jdk-11.0.16.101-hotspot\bin\VCRUNTIME140.dll
0x00007ff974440000 - 0x00007ff974457000 	C:\Program Files\Microsoft\jdk-11.0.16.101-hotspot\bin\jli.dll
0x00007ff9a3200000 - 0x00007ff9a339e000 	C:\WINDOWS\System32\USER32.dll
0x00007ff9a02e0000 - 0x00007ff9a057a000 	C:\WINDOWS\WinSxS\amd64_microsoft.windows.common-controls_6595b64144ccf1df_6.0.19041.1110_none_60b5254171f9507e\COMCTL32.dll
0x00007ff9a1a00000 - 0x00007ff9a1a22000 	C:\WINDOWS\System32\win32u.dll
0x00007ff9a23b0000 - 0x00007ff9a23dc000 	C:\WINDOWS\System32\GDI32.dll
0x00007ff9a13e0000 - 0x00007ff9a14fa000 	C:\WINDOWS\System32\gdi32full.dll
0x00007ff9a1a30000 - 0x00007ff9a1acd000 	C:\WINDOWS\System32\msvcp_win.dll
0x00007ff9a0770000 - 0x00007ff9a077a000 	C:\WINDOWS\SYSTEM32\VERSION.dll
0x00007ff9a0760000 - 0x00007ff9a076b000 	C:\WINDOWS\SYSTEM32\FLTLIB.DLL
0x00007ff9a2380000 - 0x00007ff9a23b0000 	C:\WINDOWS\System32\IMM32.DLL
0x00007ff93efd0000 - 0x00007ff93f06b000 	C:\Program Files\Microsoft\jdk-11.0.16.101-hotspot\bin\msvcp140.dll
0x00007ff8d8690000 - 0x00007ff8d921a000 	C:\Program Files\Microsoft\jdk-11.0.16.101-hotspot\bin\server\jvm.dll
0x00007ff9a1d30000 - 0x00007ff9a1d38000 	C:\WINDOWS\System32\PSAPI.DLL
0x00007ff9908e0000 - 0x00007ff9908e9000 	C:\WINDOWS\SYSTEM32\WSOCK32.dll
0x00007ff9a2480000 - 0x00007ff9a24eb000 	C:\WINDOWS\System32\WS2_32.dll
0x00007ff974c20000 - 0x00007ff974c47000 	C:\WINDOWS\SYSTEM32\WINMM.dll
0x00007ff99e5b0000 - 0x00007ff99e5c2000 	C:\WINDOWS\SYSTEM32\kernel.appcore.dll
0x00007ff987af0000 - 0x00007ff987b00000 	C:\Program Files\Microsoft\jdk-11.0.16.101-hotspot\bin\verify.dll
0x00007ff9a07c0000 - 0x00007ff9a09a4000 	C:\WINDOWS\SYSTEM32\DBGHELP.DLL
0x00007ff9a0780000 - 0x00007ff9a07b4000 	C:\WINDOWS\SYSTEM32\dbgcore.DLL
0x00007ff9a1970000 - 0x00007ff9a19f2000 	C:\WINDOWS\System32\bcryptPrimitives.dll
0x00007ff950d70000 - 0x00007ff950d98000 	C:\Program Files\Microsoft\jdk-11.0.16.101-hotspot\bin\java.dll
0x00007ff972e40000 - 0x00007ff972e4a000 	C:\Program Files\Microsoft\jdk-11.0.16.101-hotspot\bin\jimage.dll
0x00007ff94e4a0000 - 0x00007ff94e51b000 	C:\Program Files\SentinelOne\Sentinel Agent 23.1.4.650\SentinelJava64.dll
0x00007ff9a3590000 - 0x00007ff9a36ba000 	C:\WINDOWS\System32\ole32.dll
0x00007ff9a24f0000 - 0x00007ff9a2844000 	C:\WINDOWS\System32\combase.dll
0x00007ff950d50000 - 0x00007ff950d68000 	C:\Program Files\Microsoft\jdk-11.0.16.101-hotspot\bin\zip.dll
0x00007ff9a2850000 - 0x00007ff9a2f95000 	C:\WINDOWS\System32\SHELL32.dll
0x00007ff99e7d0000 - 0x00007ff99ef6b000 	C:\WINDOWS\SYSTEM32\windows.storage.dll
0x00007ff9a0070000 - 0x00007ff9a009e000 	C:\WINDOWS\SYSTEM32\Wldp.dll
0x00007ff9a2fa0000 - 0x00007ff9a304d000 	C:\WINDOWS\System32\SHCORE.dll
0x00007ff9a1b70000 - 0x00007ff9a1bc5000 	C:\WINDOWS\System32\shlwapi.dll
0x00007ff9a1080000 - 0x00007ff9a10a5000 	C:\WINDOWS\SYSTEM32\profapi.dll
0x00007ff93e4b0000 - 0x00007ff93e4c9000 	C:\Program Files\Microsoft\jdk-11.0.16.101-hotspot\bin\net.dll
0x00007ff99a500000 - 0x00007ff99a60a000 	C:\WINDOWS\SYSTEM32\WINHTTP.dll
0x00007ff99fe50000 - 0x00007ff99feba000 	C:\WINDOWS\system32\mswsock.dll
0x00007ff93e2d0000 - 0x00007ff93e2e3000 	C:\Program Files\Microsoft\jdk-11.0.16.101-hotspot\bin\nio.dll

dbghelp: loaded successfully - version: 4.0.5 - missing functions: none
symbol engine: initialized successfully - sym options: 0x614 - pdb path: .;C:\Program Files\Microsoft\jdk-11.0.16.101-hotspot\bin;C:\WINDOWS\SYSTEM32;C:\Program Files\SentinelOne\Sentinel Agent 23.1.4.650;C:\WINDOWS\WinSxS\amd64_microsoft.windows.common-controls_6595b64144ccf1df_6.0.19041.1110_none_60b5254171f9507e;C:\Program Files\Microsoft\jdk-11.0.16.101-hotspot\bin\server

VM Arguments:
jvm_args: -Xmx1G -agentpath:C:\Program Files\SentinelOne\Sentinel Agent 23.1.4.650\SentinelJava64.dll 
java_command: com.android.tools.r8.D8 --debug --min-api 21 --output obj\Debug\130\android\bin\ --lib C:\Program Files (x86)\Android\android-sdk\platforms\android-33\android.jar obj\Debug\130\android\bin\classes.zip C:\Program Files\Microsoft Visual Studio\2022\Community\Common7\IDE\ReferenceAssemblies\Microsoft\Framework\MonoAndroid\v13.0\mono.android.jar C:\Program Files\Microsoft Visual Studio\2022\Community\MSBuild\Xamarin\Android\java_runtime_fastdev.jar C:\Users\edoardo\.nuget\packages\xamarin.google.guava.listenablefuture\1.0.0.2\buildTransitive\monoandroid50\guava-listenablefuture.jar C:\Users\edoardo\.nuget\packages\xamarin.androidx.annotation\1.2.0.1\buildTransitive\monoandroid90\..\..\jar\androidx.annotation.annotation.jar C:\Users\edoardo\.nuget\packages\xamarin.androidx.collection\1.1.0.8\buildTransitive\monoandroid90\..\..\jar\androidx.collection.collection.jar C:\Users\edoardo\.nuget\packages\xamarin.androidx.lifecycle.common\2.3.1.1\buildTransitive\monoandroid90\..\..\jar\androidx.lifecycle.lifecycle-common.jar C:\Users\edoardo\.nuget\packages\xamarin.androidx.arch.core.common\2.1.0.9\buildTransitive\monoandroid90\..\..\jar\androidx.arch.core.core-common.jar C:\Users\edoardo\.nuget\packages\xamarin.androidx.constraintlayout.core\1.0.0\buildTransitive\monoandroid90\..\..\jar\androidx.constraintlayout.constraintlayout-core.jar C:\Users\edoardo\.nuget\packages\xamarin.androidx.concurrent.futures\1.1.0.3\buildTransitive\monoandroid90\..\..\jar\androidx.concurrent.concurrent-futures.jar obj\Debug\130\lp\0\jl\formsviewgroup.jar obj\Debug\130\lp\100\jl\classes.jar obj\Debug\130\lp\101\jl\classes.jar obj\Debug\130\lp\103\jl\classes.jar obj\Debug\130\lp\58\jl\classes.jar obj\Debug\130\lp\59\jl\classes.jar obj\Debug\130\lp\60\jl\classes.jar obj\Debug\130\lp\61\jl\classes.jar obj\Debug\130\lp\62\jl\classes.jar obj\Debug\130\lp\63\jl\classes.jar obj\Debug\130\lp\64\jl\classes.jar obj\Debug\130\lp\65\jl\classes.jar obj\Debug\130\lp\66\jl\classes.jar obj\Debug\13
java_class_path (initial): C:\Program Files\Microsoft Visual Studio\2022\Community\MSBuild\Xamarin\Android\r8.jar
Launcher Type: SUN_STANDARD

[Global flags]
     intx CICompilerCount                          = 4                                         {product} {ergonomic}
     uint ConcGCThreads                            = 2                                         {product} {ergonomic}
     uint G1ConcRefinementThreads                  = 8                                         {product} {ergonomic}
   size_t G1HeapRegionSize                         = 1048576                                   {product} {ergonomic}
    uintx GCDrainStackTargetSize                   = 64                                        {product} {ergonomic}
   size_t InitialHeapSize                          = 132120576                                 {product} {ergonomic}
   size_t MarkStackSize                            = 4194304                                   {product} {ergonomic}
   size_t MaxHeapSize                              = 1073741824                                {product} {command line}
   size_t MaxNewSize                               = 643825664                                 {product} {ergonomic}
   size_t MinHeapDeltaBytes                        = 1048576                                   {product} {ergonomic}
    uintx NonNMethodCodeHeapSize                   = 5836300                                {pd product} {ergonomic}
    uintx NonProfiledCodeHeapSize                  = 122910970                              {pd product} {ergonomic}
    uintx ProfiledCodeHeapSize                     = 122910970                              {pd product} {ergonomic}
    uintx ReservedCodeCacheSize                    = 251658240                              {pd product} {ergonomic}
     bool SegmentedCodeCache                       = true                                      {product} {ergonomic}
     bool UseCompressedClassPointers               = true                                 {lp64_product} {ergonomic}
     bool UseCompressedOops                        = true                                 {lp64_product} {ergonomic}
     bool UseG1GC                                  = true                                      {product} {ergonomic}
     bool UseLargePagesIndividualAllocation        = false                                  {pd product} {ergonomic}

Logging:
Log output configuration:
 #0: stdout all=warning uptime,level,tags
 #1: stderr all=off uptime,level,tags

Environment Variables:
PATH=C:\Program Files (x86)\Common Files\Oracle\Java\javapath;C:\Program Files\Microsoft\jdk-11.0.16.101-hotspot\bin;C:\Program Files\Eclipse Foundation\jdk-8.0.302.8-hotspot\bin;C:\WINDOWS\system32;C:\WINDOWS;C:\WINDOWS\System32\Wbem;C:\WINDOWS\System32\WindowsPowerShell\v1.0\;C:\WINDOWS\System32\OpenSSH\;C:\Program Files\dotnet\;C:\Program Files\MATLAB\R2020b\bin;C:\Program Files\Calibre2\;C:\Program Files\Microsoft SQL Server\130\Tools\Binn\;C:\Program Files\Git\cmd;C:\Program Files\MySQL\MySQL Shell 8.0\bin\;C:\Users\edoardo\AppData\Local\Programs\Python\Python39\Scripts\;C:\Users\edoardo\AppData\Local\Programs\Python\Python39\;C:\Users\edoardo\AppData\Local\Microsoft\WindowsApps; C:\src\flutter\bin;C:\Users\edoardo\.dotnet\tools;C:\Users\edoardo\AppData\Local\Microsoft\WindowsApps;C:\Users\edoardo\AppData\Local\Google\Cloud SDK\google-cloud-sdk\bin;C:\Users\edoardo\AppData\Local\Programs\Microsoft VS Code\bin
USERNAME=emanuele
OS=Windows_NT
PROCESSOR_IDENTIFIER=Intel64 Family 6 Model 142 Stepping 12, GenuineIntel
TMP=C:\Users\edoardo\AppData\Local\Temp
TEMP=C:\Users\edoardo\AppData\Local\Temp



---------------  S Y S T E M  ---------------

OS: Windows 10 , 64 bit Build 19041 (10.0.19041.3393)
OS uptime: 0 days 0:56 hours
Hyper-V role detected

CPU:total 8 (initial active 8) (4 cores per cpu, 2 threads per core) family 6 model 142 stepping 12 microcode 0xec, cmov, cx8, fxsr, mmx, sse, sse2, sse3, ssse3, sse4.1, sse4.2, popcnt, avx, avx2, aes, clmul, erms, 3dnowpref, lzcnt, ht, tsc, tscinvbit, bmi1, bmi2, adx, fma

Memory: 4k page, system-wide physical 7966M (549M free)
TotalPageFile size 11966M (AvailPageFile size 95M)
current process WorkingSet (physical memory assigned to process): 396M, peak: 406M
current process commit charge ("private bytes"): 447M, peak: 532M

vm_info: OpenJDK 64-Bit Server VM (11.0.16.1+1-LTS) for windows-amd64 JRE (11.0.16.1+1-LTS), built on Aug 20 2022 20:09:04 by "" with MS VC++ 15.9 (VS2017)

END.
